#
# There is insufficient memory for the Java Runtime Environment to continue.
# Native memory allocation (malloc) failed to allocate 1767936 bytes for Chunk::new
# Possible reasons:
#   The system is out of physical RAM or swap space
#   The process is running with CompressedOops enabled, and the Java Heap may be blocking the growth of the native heap
# Possible solutions:
#   Reduce memory load on the system
#   Increase physical memory or swap space
#   Check if swap backing store is full
#   Decrease Java heap size (-Xmx/-Xms)
#   Decrease number of Java threads
#   Decrease Java thread stack sizes (-Xss)
#   Set larger code cache with -XX:ReservedCodeCacheSize=
#   JVM is running with Unscaled Compressed Oops mode in which the Java heap is
#     placed in the first 4GB address space. The Java Heap base address is the
#     maximum limit for the native heap growth. Please use -XX:HeapBaseMinAddress
#     to set the Java Heap base and to place the Java Heap above 4GB virtual address.
# This output file may be truncated or incomplete.
#
#  Out of Memory Error (arena.cpp:189), pid=17232, tid=5380
#
# JRE version: OpenJDK Runtime Environment (17.0.6) (build 17.0.6+0-b2043.56-10027231)
# Java VM: OpenJDK 64-Bit Server VM (17.0.6+0-b2043.56-10027231, mixed mode, tiered, compressed oops, compressed class ptrs, g1 gc, windows-amd64)
# No core dump will be written. Minidumps are not enabled by default on client versions of Windows
#

---------------  S U M M A R Y ------------

Command Line: --add-opens=java.base/java.util=ALL-UNNAMED --add-opens=java.base/java.lang=ALL-UNNAMED --add-opens=java.base/java.lang.invoke=ALL-UNNAMED --add-opens=java.prefs/java.util.prefs=ALL-UNNAMED --add-opens=java.base/java.nio.charset=ALL-UNNAMED --add-opens=java.base/java.net=ALL-UNNAMED --add-opens=java.base/java.util.concurrent.atomic=ALL-UNNAMED -Xmx2048m -Dfile.encoding=UTF-8 -Duser.country=ID -Duser.language=en -Duser.variant org.gradle.launcher.daemon.bootstrap.GradleDaemon 8.0

Host: 12th Gen Intel(R) Core(TM) i7-1255U, 12 cores, 15G,  Windows 11 , 64 bit Build 22621 (10.0.22621.3527)
Time: Mon May 27 21:20:39 2024 SE Asia Standard Time elapsed time: 6.938668 seconds (0d 0h 0m 6s)

---------------  T H R E A D  ---------------

Current thread (0x000002737fadc8f0):  JavaThread "C2 CompilerThread0" daemon [_thread_in_native, id=5380, stack(0x0000007c0f700000,0x0000007c0f800000)]


Current CompileTask:
C2:   6938 4682       4       java.net.URLClassLoader$1::run (5 bytes)

Stack: [0x0000007c0f700000,0x0000007c0f800000]
Native frames: (J=compiled Java code, j=interpreted, Vv=VM code, C=native code)
V  [jvm.dll+0x683c9a]
V  [jvm.dll+0x8427a4]
V  [jvm.dll+0x843f9e]
V  [jvm.dll+0x844603]
V  [jvm.dll+0x249b75]
V  [jvm.dll+0xabcac]
V  [jvm.dll+0xac27c]
V  [jvm.dll+0x368857]
V  [jvm.dll+0x332f31]
V  [jvm.dll+0x3323da]
V  [jvm.dll+0x21c201]
V  [jvm.dll+0x21b621]
V  [jvm.dll+0x1a4fdd]
V  [jvm.dll+0x22b098]
V  [jvm.dll+0x229159]
V  [jvm.dll+0x7f81ec]
V  [jvm.dll+0x7f274a]
V  [jvm.dll+0x682ad5]
C  [ucrtbase.dll+0x29333]
C  [KERNEL32.DLL+0x1257d]
C  [ntdll.dll+0x5aa48]


---------------  P R O C E S S  ---------------

Threads class SMR info:
_java_thread_list=0x00000273145f23c0, length=48, elements={
0x00000273767924a0, 0x000002737fa94e60, 0x000002737fa959e0, 0x000002737fad92b0,
0x000002737fadab80, 0x000002737fadb440, 0x000002737fadbd00, 0x000002737fadc8f0,
0x000002737fadd800, 0x000002737fae8520, 0x000002737fc792d0, 0x000002737fc8aed0,
0x000002737fd982a0, 0x000002731248b040, 0x0000027312489360, 0x0000027312489d00,
0x000002731248a1d0, 0x0000027312489830, 0x000002731248c850, 0x000002731248a6a0,
0x000002731248c380, 0x000002731248b510, 0x0000027312488e90, 0x000002731248beb0,
0x0000027315a5fe10, 0x0000027315a602e0, 0x0000027315a61620, 0x0000027315a5d2c0,
0x0000027315a5d790, 0x0000027315a60c80, 0x0000027315a5f940, 0x0000027315a5dc60,
0x0000027315a5e130, 0x0000027315a5e600, 0x0000027315a63ca0, 0x0000027315a637d0,
0x0000027315a62e30, 0x0000027315a607b0, 0x0000027315a64170, 0x0000027315a64640,
0x0000027315a62490, 0x0000027315a61150, 0x0000027315a5ead0, 0x0000027315a61af0,
0x0000027315a61fc0, 0x0000027315a5efa0, 0x000002731734db30, 0x0000027315dd9cf0
}

Java Threads: ( => current thread )
  0x00000273767924a0 JavaThread "main" [_thread_blocked, id=24708, stack(0x0000007c0ea00000,0x0000007c0eb00000)]
  0x000002737fa94e60 JavaThread "Reference Handler" daemon [_thread_blocked, id=20916, stack(0x0000007c0f100000,0x0000007c0f200000)]
  0x000002737fa959e0 JavaThread "Finalizer" daemon [_thread_blocked, id=9628, stack(0x0000007c0f200000,0x0000007c0f300000)]
  0x000002737fad92b0 JavaThread "Signal Dispatcher" daemon [_thread_blocked, id=7944, stack(0x0000007c0f300000,0x0000007c0f400000)]
  0x000002737fadab80 JavaThread "Attach Listener" daemon [_thread_blocked, id=9648, stack(0x0000007c0f400000,0x0000007c0f500000)]
  0x000002737fadb440 JavaThread "Service Thread" daemon [_thread_blocked, id=27968, stack(0x0000007c0f500000,0x0000007c0f600000)]
  0x000002737fadbd00 JavaThread "Monitor Deflation Thread" daemon [_thread_blocked, id=14828, stack(0x0000007c0f600000,0x0000007c0f700000)]
=>0x000002737fadc8f0 JavaThread "C2 CompilerThread0" daemon [_thread_in_native, id=5380, stack(0x0000007c0f700000,0x0000007c0f800000)]
  0x000002737fadd800 JavaThread "C1 CompilerThread0" daemon [_thread_blocked, id=14016, stack(0x0000007c0f800000,0x0000007c0f900000)]
  0x000002737fae8520 JavaThread "Sweeper thread" daemon [_thread_blocked, id=20732, stack(0x0000007c0f900000,0x0000007c0fa00000)]
  0x000002737fc792d0 JavaThread "Common-Cleaner" daemon [_thread_blocked, id=14328, stack(0x0000007c0fa00000,0x0000007c0fb00000)]
  0x000002737fc8aed0 JavaThread "Notification Thread" daemon [_thread_blocked, id=6136, stack(0x0000007c0fb00000,0x0000007c0fc00000)]
  0x000002737fd982a0 JavaThread "C2 CompilerThread1" daemon [_thread_in_native, id=19892, stack(0x0000007c0fd00000,0x0000007c0fe00000)]
  0x000002731248b040 JavaThread "Daemon health stats" [_thread_blocked, id=15164, stack(0x0000007c10400000,0x0000007c10500000)]
  0x0000027312489360 JavaThread "Incoming local TCP Connector on port 50160" [_thread_in_native, id=10456, stack(0x0000007c10500000,0x0000007c10600000)]
  0x0000027312489d00 JavaThread "Daemon periodic checks" [_thread_blocked, id=2352, stack(0x0000007c10600000,0x0000007c10700000)]
  0x000002731248a1d0 JavaThread "Daemon" [_thread_blocked, id=27312, stack(0x0000007c10700000,0x0000007c10800000)]
  0x0000027312489830 JavaThread "Handler for socket connection from /127.0.0.1:50160 to /127.0.0.1:50161" [_thread_in_native, id=20076, stack(0x0000007c10800000,0x0000007c10900000)]
  0x000002731248c850 JavaThread "Cancel handler" [_thread_blocked, id=14052, stack(0x0000007c10900000,0x0000007c10a00000)]
  0x000002731248a6a0 JavaThread "Daemon worker" [_thread_in_vm, id=9532, stack(0x0000007c10a00000,0x0000007c10b00000)]
  0x000002731248c380 JavaThread "Asynchronous log dispatcher for DefaultDaemonConnection: socket connection from /127.0.0.1:50160 to /127.0.0.1:50161" [_thread_blocked, id=17744, stack(0x0000007c10b00000,0x0000007c10c00000)]
  0x000002731248b510 JavaThread "Stdin handler" [_thread_blocked, id=12536, stack(0x0000007c10c00000,0x0000007c10d00000)]
  0x0000027312488e90 JavaThread "Daemon client event forwarder" [_thread_blocked, id=14308, stack(0x0000007c10d00000,0x0000007c10e00000)]
  0x000002731248beb0 JavaThread "Cache worker for journal cache (C:\Users\Anja Bunga Aditya\.gradle\caches\journal-1)" [_thread_blocked, id=15456, stack(0x0000007c11400000,0x0000007c11500000)]
  0x0000027315a5fe10 JavaThread "File lock request listener" [_thread_in_native, id=1748, stack(0x0000007c11500000,0x0000007c11600000)]
  0x0000027315a602e0 JavaThread "Cache worker for file hash cache (C:\Users\Anja Bunga Aditya\.gradle\caches\8.0\fileHashes)" [_thread_blocked, id=15924, stack(0x0000007c11600000,0x0000007c11700000)]
  0x0000027315a61620 JavaThread "File watcher server" daemon [_thread_in_native, id=25668, stack(0x0000007c11700000,0x0000007c11800000)]
  0x0000027315a5d2c0 JavaThread "File watcher consumer" daemon [_thread_blocked, id=11032, stack(0x0000007c11800000,0x0000007c11900000)]
  0x0000027315a5d790 JavaThread "jar transforms" [_thread_blocked, id=24012, stack(0x0000007c11900000,0x0000007c11a00000)]
  0x0000027315a60c80 JavaThread "jar transforms Thread 2" [_thread_blocked, id=15468, stack(0x0000007c11a00000,0x0000007c11b00000)]
  0x0000027315a5f940 JavaThread "jar transforms Thread 3" [_thread_blocked, id=14236, stack(0x0000007c11b00000,0x0000007c11c00000)]
  0x0000027315a5dc60 JavaThread "jar transforms Thread 4" [_thread_blocked, id=25740, stack(0x0000007c11c00000,0x0000007c11d00000)]
  0x0000027315a5e130 JavaThread "jar transforms Thread 5" [_thread_blocked, id=27468, stack(0x0000007c11d00000,0x0000007c11e00000)]
  0x0000027315a5e600 JavaThread "jar transforms Thread 6" [_thread_blocked, id=12480, stack(0x0000007c11e00000,0x0000007c11f00000)]
  0x0000027315a63ca0 JavaThread "jar transforms Thread 7" [_thread_blocked, id=27092, stack(0x0000007c11f00000,0x0000007c12000000)]
  0x0000027315a637d0 JavaThread "jar transforms Thread 8" [_thread_blocked, id=19156, stack(0x0000007c12000000,0x0000007c12100000)]
  0x0000027315a62e30 JavaThread "jar transforms Thread 9" [_thread_blocked, id=26004, stack(0x0000007c12100000,0x0000007c12200000)]
  0x0000027315a607b0 JavaThread "jar transforms Thread 10" [_thread_blocked, id=20188, stack(0x0000007c12200000,0x0000007c12300000)]
  0x0000027315a64170 JavaThread "jar transforms Thread 11" [_thread_blocked, id=7664, stack(0x0000007c12300000,0x0000007c12400000)]
  0x0000027315a64640 JavaThread "jar transforms Thread 12" [_thread_blocked, id=19692, stack(0x0000007c12400000,0x0000007c12500000)]
  0x0000027315a62490 JavaThread "Cache worker for checksums cache (C:\Users\Anja Bunga Aditya\AndroidStudioProjects\APLIKASI\.gradle\8.0\checksums)" [_thread_blocked, id=4496, stack(0x0000007c0fe00000,0x0000007c0ff00000)]
  0x0000027315a61150 JavaThread "Cache worker for cache directory md-rule (C:\Users\Anja Bunga Aditya\.gradle\caches\8.0\md-rule)" [_thread_blocked, id=10640, stack(0x0000007c12500000,0x0000007c12600000)]
  0x0000027315a5ead0 JavaThread "Cache worker for file content cache (C:\Users\Anja Bunga Aditya\.gradle\caches\8.0\fileContent)" [_thread_blocked, id=23952, stack(0x0000007c12600000,0x0000007c12700000)]
  0x0000027315a61af0 JavaThread "Cache worker for file hash cache (C:\Users\Anja Bunga Aditya\AndroidStudioProjects\APLIKASI\.gradle\8.0\fileHashes)" [_thread_blocked, id=15488, stack(0x0000007c12700000,0x0000007c12800000)]
  0x0000027315a61fc0 JavaThread "Cache worker for cache directory md-supplier (C:\Users\Anja Bunga Aditya\.gradle\caches\8.0\md-supplier)" [_thread_blocked, id=24084, stack(0x0000007c12800000,0x0000007c12900000)]
  0x0000027315a5efa0 JavaThread "Cache worker for execution history cache (C:\Users\Anja Bunga Aditya\.gradle\caches\8.0\executionHistory)" [_thread_blocked, id=28192, stack(0x0000007c12900000,0x0000007c12a00000)]
  0x000002731734db30 JavaThread "C2 CompilerThread2" daemon [_thread_in_native, id=29076, stack(0x0000007c12a00000,0x0000007c12b00000)]
  0x0000027315dd9cf0 JavaThread "Cache worker for kotlin-dsl (C:\Users\Anja Bunga Aditya\.gradle\caches\8.0\kotlin-dsl)" [_thread_blocked, id=20644, stack(0x0000007c12b00000,0x0000007c12c00000)]

Other Threads:
  0x000002737fa937d0 VMThread "VM Thread" [stack: 0x0000007c0f000000,0x0000007c0f100000] [id=2808]
  0x000002737680af30 WatcherThread [stack: 0x0000007c0fc00000,0x0000007c0fd00000] [id=29372]
  0x00000273767ed950 GCTaskThread "GC Thread#0" [stack: 0x0000007c0eb00000,0x0000007c0ec00000] [id=20080]
  0x0000027312158150 GCTaskThread "GC Thread#1" [stack: 0x0000007c0ff00000,0x0000007c10000000] [id=10896]
  0x0000027312827090 GCTaskThread "GC Thread#2" [stack: 0x0000007c10000000,0x0000007c10100000] [id=24824]
  0x00000273121ee050 GCTaskThread "GC Thread#3" [stack: 0x0000007c10100000,0x0000007c10200000] [id=2384]
  0x00000273121ee300 GCTaskThread "GC Thread#4" [stack: 0x0000007c10200000,0x0000007c10300000] [id=1132]
  0x00000273121ee5b0 GCTaskThread "GC Thread#5" [stack: 0x0000007c10300000,0x0000007c10400000] [id=23836]
  0x0000027313d48450 GCTaskThread "GC Thread#6" [stack: 0x0000007c10e00000,0x0000007c10f00000] [id=18480]
  0x000002731390e860 GCTaskThread "GC Thread#7" [stack: 0x0000007c10f00000,0x0000007c11000000] [id=22036]
  0x0000027312ccf730 GCTaskThread "GC Thread#8" [stack: 0x0000007c11000000,0x0000007c11100000] [id=2080]
  0x00000273128de6b0 GCTaskThread "GC Thread#9" [stack: 0x0000007c11100000,0x0000007c11200000] [id=1236]
  0x00000273767fe6a0 ConcurrentGCThread "G1 Main Marker" [stack: 0x0000007c0ec00000,0x0000007c0ed00000] [id=6700]
  0x00000273767feec0 ConcurrentGCThread "G1 Conc#0" [stack: 0x0000007c0ed00000,0x0000007c0ee00000] [id=4980]
  0x0000027312ace030 ConcurrentGCThread "G1 Conc#1" [stack: 0x0000007c11200000,0x0000007c11300000] [id=27680]
  0x0000027312acf050 ConcurrentGCThread "G1 Conc#2" [stack: 0x0000007c11300000,0x0000007c11400000] [id=10076]
  0x000002737684e6c0 ConcurrentGCThread "G1 Refine#0" [stack: 0x0000007c0ee00000,0x0000007c0ef00000] [id=23996]
  0x000002737f8e85b0 ConcurrentGCThread "G1 Service" [stack: 0x0000007c0ef00000,0x0000007c0f000000] [id=4052]

Threads with active compile tasks:
C2 CompilerThread0     6954 4682       4       java.net.URLClassLoader$1::run (5 bytes)
C2 CompilerThread1     6954 4723       4       java.lang.ClassLoader::defineClass (43 bytes)
C2 CompilerThread2     6954 4724       4       java.lang.ClassLoader::preDefineClass (118 bytes)

VM state: not at safepoint (normal execution)

VM Mutex/Monitor currently owned by a thread: None

Heap address: 0x0000000080000000, size: 2048 MB, Compressed Oops mode: 32-bit

CDS archive(s) not mapped
Compressed class space mapped at: 0x0000000100000000-0x0000000140000000, reserved size: 1073741824
Narrow klass base: 0x0000000000000000, Narrow klass shift: 3, Narrow klass range: 0x140000000

GC Precious Log:
 CPUs: 12 total, 12 available
 Memory: 16108M
 Large Page Support: Disabled
 NUMA Support: Disabled
 Compressed Oops: Enabled (32-bit)
 Heap Region Size: 1M
 Heap Min Capacity: 8M
 Heap Initial Capacity: 252M
 Heap Max Capacity: 2G
 Pre-touch: Disabled
 Parallel Workers: 10
 Concurrent Workers: 3
 Concurrent Refinement Workers: 10
 Periodic GC: Disabled

Heap:
 garbage-first heap   total 248832K, used 77757K [0x0000000080000000, 0x0000000100000000)
  region size 1024K, 14 young (14336K), 3 survivors (3072K)
 Metaspace       used 51719K, committed 52288K, reserved 1097728K
  class space    used 6867K, committed 7104K, reserved 1048576K

Heap Regions: E=young(eden), S=young(survivor), O=old, HS=humongous(starts), HC=humongous(continues), CS=collection set, F=free, OA=open archive, CA=closed archive, TAMS=top-at-mark-start (previous, next)
|   0|0x0000000080000000, 0x0000000080100000, 0x0000000080100000|100%|HS|  |TAMS 0x0000000080100000, 0x0000000080000000| Complete 
|   1|0x0000000080100000, 0x0000000080200000, 0x0000000080200000|100%|HC|  |TAMS 0x0000000080200000, 0x0000000080100000| Complete 
|   2|0x0000000080200000, 0x0000000080300000, 0x0000000080300000|100%|HC|  |TAMS 0x0000000080300000, 0x0000000080200000| Complete 
|   3|0x0000000080300000, 0x0000000080400000, 0x0000000080400000|100%|HC|  |TAMS 0x0000000080400000, 0x0000000080300000| Complete 
|   4|0x0000000080400000, 0x0000000080500000, 0x0000000080500000|100%| O|  |TAMS 0x0000000080500000, 0x0000000080400000| Untracked 
|   5|0x0000000080500000, 0x0000000080600000, 0x0000000080600000|100%| O|  |TAMS 0x0000000080600000, 0x0000000080500000| Untracked 
|   6|0x0000000080600000, 0x0000000080700000, 0x0000000080700000|100%| O|  |TAMS 0x0000000080700000, 0x0000000080600000| Untracked 
|   7|0x0000000080700000, 0x0000000080800000, 0x0000000080800000|100%| O|  |TAMS 0x0000000080800000, 0x0000000080700000| Untracked 
|   8|0x0000000080800000, 0x0000000080900000, 0x0000000080900000|100%| O|  |TAMS 0x0000000080900000, 0x0000000080800000| Untracked 
|   9|0x0000000080900000, 0x0000000080a00000, 0x0000000080a00000|100%| O|  |TAMS 0x0000000080a00000, 0x0000000080900000| Untracked 
|  10|0x0000000080a00000, 0x0000000080b00000, 0x0000000080b00000|100%| O|  |TAMS 0x0000000080b00000, 0x0000000080a00000| Untracked 
|  11|0x0000000080b00000, 0x0000000080c00000, 0x0000000080c00000|100%| O|  |TAMS 0x0000000080c00000, 0x0000000080b00000| Untracked 
|  12|0x0000000080c00000, 0x0000000080d00000, 0x0000000080d00000|100%| O|  |TAMS 0x0000000080d00000, 0x0000000080c00000| Untracked 
|  13|0x0000000080d00000, 0x0000000080e00000, 0x0000000080e00000|100%| O|  |TAMS 0x0000000080e00000, 0x0000000080d00000| Untracked 
|  14|0x0000000080e00000, 0x0000000080f00000, 0x0000000080f00000|100%| O|  |TAMS 0x0000000080f00000, 0x0000000080e00000| Untracked 
|  15|0x0000000080f00000, 0x0000000081000000, 0x0000000081000000|100%| O|  |TAMS 0x0000000081000000, 0x0000000080f00000| Untracked 
|  16|0x0000000081000000, 0x0000000081100000, 0x0000000081100000|100%| O|  |TAMS 0x0000000081100000, 0x0000000081000000| Untracked 
|  17|0x0000000081100000, 0x0000000081200000, 0x0000000081200000|100%| O|  |TAMS 0x0000000081200000, 0x0000000081100000| Untracked 
|  18|0x0000000081200000, 0x0000000081300000, 0x0000000081300000|100%| O|  |TAMS 0x0000000081300000, 0x0000000081200000| Untracked 
|  19|0x0000000081300000, 0x0000000081400000, 0x0000000081400000|100%| O|  |TAMS 0x0000000081400000, 0x0000000081300000| Untracked 
|  20|0x0000000081400000, 0x0000000081500000, 0x0000000081500000|100%| O|  |TAMS 0x0000000081500000, 0x0000000081400000| Untracked 
|  21|0x0000000081500000, 0x0000000081600000, 0x0000000081600000|100%|HS|  |TAMS 0x0000000081600000, 0x0000000081500000| Complete 
|  22|0x0000000081600000, 0x0000000081700000, 0x0000000081700000|100%|HC|  |TAMS 0x0000000081700000, 0x0000000081600000| Complete 
|  23|0x0000000081700000, 0x0000000081800000, 0x0000000081800000|100%|HS|  |TAMS 0x0000000081800000, 0x0000000081700000| Complete 
|  24|0x0000000081800000, 0x0000000081900000, 0x0000000081900000|100%|HC|  |TAMS 0x0000000081900000, 0x0000000081800000| Complete 
|  25|0x0000000081900000, 0x0000000081a00000, 0x0000000081a00000|100%|HC|  |TAMS 0x0000000081a00000, 0x0000000081900000| Complete 
|  26|0x0000000081a00000, 0x0000000081b00000, 0x0000000081b00000|100%|HS|  |TAMS 0x0000000081b00000, 0x0000000081a00000| Complete 
|  27|0x0000000081b00000, 0x0000000081c00000, 0x0000000081c00000|100%|HC|  |TAMS 0x0000000081c00000, 0x0000000081b00000| Complete 
|  28|0x0000000081c00000, 0x0000000081d00000, 0x0000000081d00000|100%|HC|  |TAMS 0x0000000081d00000, 0x0000000081c00000| Complete 
|  29|0x0000000081d00000, 0x0000000081e00000, 0x0000000081e00000|100%| O|  |TAMS 0x0000000081e00000, 0x0000000081d00000| Untracked 
|  30|0x0000000081e00000, 0x0000000081f00000, 0x0000000081f00000|100%| O|  |TAMS 0x0000000081f00000, 0x0000000081e00000| Untracked 
|  31|0x0000000081f00000, 0x0000000081f00000, 0x0000000082000000|  0%| F|  |TAMS 0x0000000081f00000, 0x0000000081f00000| Untracked 
|  32|0x0000000082000000, 0x0000000082100000, 0x0000000082100000|100%|HS|  |TAMS 0x0000000082100000, 0x0000000082000000| Complete 
|  33|0x0000000082100000, 0x0000000082200000, 0x0000000082200000|100%|HC|  |TAMS 0x0000000082200000, 0x0000000082100000| Complete 
|  34|0x0000000082200000, 0x0000000082300000, 0x0000000082300000|100%| O|  |TAMS 0x0000000082300000, 0x0000000082200000| Untracked 
|  35|0x0000000082300000, 0x0000000082400000, 0x0000000082400000|100%| O|  |TAMS 0x0000000082400000, 0x0000000082300000| Untracked 
|  36|0x0000000082400000, 0x0000000082500000, 0x0000000082500000|100%| O|  |TAMS 0x0000000082500000, 0x0000000082400000| Untracked 
|  37|0x0000000082500000, 0x0000000082600000, 0x0000000082600000|100%| O|  |TAMS 0x0000000082600000, 0x0000000082500000| Untracked 
|  38|0x0000000082600000, 0x0000000082700000, 0x0000000082700000|100%| O|  |TAMS 0x0000000082700000, 0x0000000082600000| Untracked 
|  39|0x0000000082700000, 0x0000000082800000, 0x0000000082800000|100%|HS|  |TAMS 0x0000000082800000, 0x0000000082700000| Complete 
|  40|0x0000000082800000, 0x0000000082900000, 0x0000000082900000|100%|HC|  |TAMS 0x0000000082900000, 0x0000000082800000| Complete 
|  41|0x0000000082900000, 0x0000000082a00000, 0x0000000082a00000|100%|HC|  |TAMS 0x0000000082a00000, 0x0000000082900000| Complete 
|  42|0x0000000082a00000, 0x0000000082b00000, 0x0000000082b00000|100%|HC|  |TAMS 0x0000000082b00000, 0x0000000082a00000| Complete 
|  43|0x0000000082b00000, 0x0000000082c00000, 0x0000000082c00000|100%|HC|  |TAMS 0x0000000082c00000, 0x0000000082b00000| Complete 
|  44|0x0000000082c00000, 0x0000000082d00000, 0x0000000082d00000|100%|HC|  |TAMS 0x0000000082d00000, 0x0000000082c00000| Complete 
|  45|0x0000000082d00000, 0x0000000082e00000, 0x0000000082e00000|100%|HC|  |TAMS 0x0000000082e00000, 0x0000000082d00000| Complete 
|  46|0x0000000082e00000, 0x0000000082f00000, 0x0000000082f00000|100%|HC|  |TAMS 0x0000000082f00000, 0x0000000082e00000| Complete 
|  47|0x0000000082f00000, 0x0000000083000000, 0x0000000083000000|100%|HC|  |TAMS 0x0000000083000000, 0x0000000082f00000| Complete 
|  48|0x0000000083000000, 0x0000000083100000, 0x0000000083100000|100%|HC|  |TAMS 0x0000000083100000, 0x0000000083000000| Complete 
|  49|0x0000000083100000, 0x0000000083200000, 0x0000000083200000|100%|HC|  |TAMS 0x0000000083200000, 0x0000000083100000| Complete 
|  50|0x0000000083200000, 0x0000000083300000, 0x0000000083300000|100%|HC|  |TAMS 0x0000000083300000, 0x0000000083200000| Complete 
|  51|0x0000000083300000, 0x0000000083400000, 0x0000000083400000|100%| O|  |TAMS 0x0000000083400000, 0x0000000083300000| Untracked 
|  52|0x0000000083400000, 0x0000000083500000, 0x0000000083500000|100%| O|  |TAMS 0x0000000083500000, 0x0000000083400000| Untracked 
|  53|0x0000000083500000, 0x0000000083600000, 0x0000000083600000|100%| O|  |TAMS 0x0000000083600000, 0x0000000083500000| Untracked 
|  54|0x0000000083600000, 0x0000000083700000, 0x0000000083700000|100%|HS|  |TAMS 0x0000000083700000, 0x0000000083600000| Complete 
|  55|0x0000000083700000, 0x0000000083800000, 0x0000000083800000|100%|HC|  |TAMS 0x0000000083800000, 0x0000000083700000| Complete 
|  56|0x0000000083800000, 0x0000000083900000, 0x0000000083900000|100%|HC|  |TAMS 0x0000000083900000, 0x0000000083800000| Complete 
|  57|0x0000000083900000, 0x0000000083a00000, 0x0000000083a00000|100%|HS|  |TAMS 0x0000000083a00000, 0x0000000083900000| Complete 
|  58|0x0000000083a00000, 0x0000000083b00000, 0x0000000083b00000|100%|HC|  |TAMS 0x0000000083b00000, 0x0000000083a00000| Complete 
|  59|0x0000000083b00000, 0x0000000083c00000, 0x0000000083c00000|100%|HC|  |TAMS 0x0000000083c00000, 0x0000000083b00000| Complete 
|  60|0x0000000083c00000, 0x0000000083d00000, 0x0000000083d00000|100%| O|  |TAMS 0x0000000083d00000, 0x0000000083c00000| Untracked 
|  61|0x0000000083d00000, 0x0000000083e00000, 0x0000000083e00000|100%| O|  |TAMS 0x0000000083e00000, 0x0000000083d00000| Untracked 
|  62|0x0000000083e00000, 0x0000000083f00000, 0x0000000083f00000|100%| O|  |TAMS 0x0000000083f00000, 0x0000000083e00000| Untracked 
|  63|0x0000000083f00000, 0x0000000084000000, 0x0000000084000000|100%| O|  |TAMS 0x0000000084000000, 0x0000000083f00000| Untracked 
|  64|0x0000000084000000, 0x00000000840b4a00, 0x0000000084100000| 70%| O|  |TAMS 0x00000000840b4a00, 0x0000000084000000| Untracked 
|  65|0x0000000084100000, 0x0000000084100000, 0x0000000084200000|  0%| F|  |TAMS 0x0000000084100000, 0x0000000084100000| Untracked 
|  66|0x0000000084200000, 0x0000000084200000, 0x0000000084300000|  0%| F|  |TAMS 0x0000000084200000, 0x0000000084200000| Untracked 
|  67|0x0000000084300000, 0x0000000084300000, 0x0000000084400000|  0%| F|  |TAMS 0x0000000084300000, 0x0000000084300000| Untracked 
|  68|0x0000000084400000, 0x0000000084400000, 0x0000000084500000|  0%| F|  |TAMS 0x0000000084400000, 0x0000000084400000| Untracked 
|  69|0x0000000084500000, 0x0000000084500000, 0x0000000084600000|  0%| F|  |TAMS 0x0000000084500000, 0x0000000084500000| Untracked 
|  70|0x0000000084600000, 0x0000000084600000, 0x0000000084700000|  0%| F|  |TAMS 0x0000000084600000, 0x0000000084600000| Untracked 
|  71|0x0000000084700000, 0x0000000084700000, 0x0000000084800000|  0%| F|  |TAMS 0x0000000084700000, 0x0000000084700000| Untracked 
|  72|0x0000000084800000, 0x0000000084800000, 0x0000000084900000|  0%| F|  |TAMS 0x0000000084800000, 0x0000000084800000| Untracked 
|  73|0x0000000084900000, 0x0000000084900000, 0x0000000084a00000|  0%| F|  |TAMS 0x0000000084900000, 0x0000000084900000| Untracked 
|  74|0x0000000084a00000, 0x0000000084a00000, 0x0000000084b00000|  0%| F|  |TAMS 0x0000000084a00000, 0x0000000084a00000| Untracked 
|  75|0x0000000084b00000, 0x0000000084b00000, 0x0000000084c00000|  0%| F|  |TAMS 0x0000000084b00000, 0x0000000084b00000| Untracked 
|  76|0x0000000084c00000, 0x0000000084c00000, 0x0000000084d00000|  0%| F|  |TAMS 0x0000000084c00000, 0x0000000084c00000| Untracked 
|  77|0x0000000084d00000, 0x0000000084d00000, 0x0000000084e00000|  0%| F|  |TAMS 0x0000000084d00000, 0x0000000084d00000| Untracked 
|  78|0x0000000084e00000, 0x0000000084e00000, 0x0000000084f00000|  0%| F|  |TAMS 0x0000000084e00000, 0x0000000084e00000| Untracked 
|  79|0x0000000084f00000, 0x0000000084f00000, 0x0000000085000000|  0%| F|  |TAMS 0x0000000084f00000, 0x0000000084f00000| Untracked 
|  80|0x0000000085000000, 0x0000000085000000, 0x0000000085100000|  0%| F|  |TAMS 0x0000000085000000, 0x0000000085000000| Untracked 
|  81|0x0000000085100000, 0x0000000085100000, 0x0000000085200000|  0%| F|  |TAMS 0x0000000085100000, 0x0000000085100000| Untracked 
|  82|0x0000000085200000, 0x0000000085200000, 0x0000000085300000|  0%| F|  |TAMS 0x0000000085200000, 0x0000000085200000| Untracked 
|  83|0x0000000085300000, 0x0000000085300000, 0x0000000085400000|  0%| F|  |TAMS 0x0000000085300000, 0x0000000085300000| Untracked 
|  84|0x0000000085400000, 0x000000008543abf0, 0x0000000085500000| 22%| S|CS|TAMS 0x0000000085400000, 0x0000000085400000| Complete 
|  85|0x0000000085500000, 0x0000000085600000, 0x0000000085600000|100%| S|CS|TAMS 0x0000000085500000, 0x0000000085500000| Complete 
|  86|0x0000000085600000, 0x0000000085700000, 0x0000000085700000|100%| S|CS|TAMS 0x0000000085600000, 0x0000000085600000| Complete 
|  87|0x0000000085700000, 0x0000000085700000, 0x0000000085800000|  0%| F|  |TAMS 0x0000000085700000, 0x0000000085700000| Untracked 
|  88|0x0000000085800000, 0x0000000085800000, 0x0000000085900000|  0%| F|  |TAMS 0x0000000085800000, 0x0000000085800000| Untracked 
|  89|0x0000000085900000, 0x0000000085900000, 0x0000000085a00000|  0%| F|  |TAMS 0x0000000085900000, 0x0000000085900000| Untracked 
|  90|0x0000000085a00000, 0x0000000085a00000, 0x0000000085b00000|  0%| F|  |TAMS 0x0000000085a00000, 0x0000000085a00000| Untracked 
|  91|0x0000000085b00000, 0x0000000085b00000, 0x0000000085c00000|  0%| F|  |TAMS 0x0000000085b00000, 0x0000000085b00000| Untracked 
|  92|0x0000000085c00000, 0x0000000085c00000, 0x0000000085d00000|  0%| F|  |TAMS 0x0000000085c00000, 0x0000000085c00000| Untracked 
|  93|0x0000000085d00000, 0x0000000085d00000, 0x0000000085e00000|  0%| F|  |TAMS 0x0000000085d00000, 0x0000000085d00000| Untracked 
|  94|0x0000000085e00000, 0x0000000085e00000, 0x0000000085f00000|  0%| F|  |TAMS 0x0000000085e00000, 0x0000000085e00000| Untracked 
|  95|0x0000000085f00000, 0x0000000085f00000, 0x0000000086000000|  0%| F|  |TAMS 0x0000000085f00000, 0x0000000085f00000| Untracked 
|  96|0x0000000086000000, 0x0000000086000000, 0x0000000086100000|  0%| F|  |TAMS 0x0000000086000000, 0x0000000086000000| Untracked 
|  97|0x0000000086100000, 0x0000000086100000, 0x0000000086200000|  0%| F|  |TAMS 0x0000000086100000, 0x0000000086100000| Untracked 
|  98|0x0000000086200000, 0x0000000086200000, 0x0000000086300000|  0%| F|  |TAMS 0x0000000086200000, 0x0000000086200000| Untracked 
|  99|0x0000000086300000, 0x0000000086300000, 0x0000000086400000|  0%| F|  |TAMS 0x0000000086300000, 0x0000000086300000| Untracked 
| 100|0x0000000086400000, 0x0000000086400000, 0x0000000086500000|  0%| F|  |TAMS 0x0000000086400000, 0x0000000086400000| Untracked 
| 101|0x0000000086500000, 0x0000000086500000, 0x0000000086600000|  0%| F|  |TAMS 0x0000000086500000, 0x0000000086500000| Untracked 
| 102|0x0000000086600000, 0x0000000086600000, 0x0000000086700000|  0%| F|  |TAMS 0x0000000086600000, 0x0000000086600000| Untracked 
| 103|0x0000000086700000, 0x0000000086700000, 0x0000000086800000|  0%| F|  |TAMS 0x0000000086700000, 0x0000000086700000| Untracked 
| 104|0x0000000086800000, 0x0000000086800000, 0x0000000086900000|  0%| F|  |TAMS 0x0000000086800000, 0x0000000086800000| Untracked 
| 105|0x0000000086900000, 0x0000000086900000, 0x0000000086a00000|  0%| F|  |TAMS 0x0000000086900000, 0x0000000086900000| Untracked 
| 106|0x0000000086a00000, 0x0000000086a00000, 0x0000000086b00000|  0%| F|  |TAMS 0x0000000086a00000, 0x0000000086a00000| Untracked 
| 107|0x0000000086b00000, 0x0000000086b00000, 0x0000000086c00000|  0%| F|  |TAMS 0x0000000086b00000, 0x0000000086b00000| Untracked 
| 108|0x0000000086c00000, 0x0000000086c00000, 0x0000000086d00000|  0%| F|  |TAMS 0x0000000086c00000, 0x0000000086c00000| Untracked 
| 109|0x0000000086d00000, 0x0000000086d00000, 0x0000000086e00000|  0%| F|  |TAMS 0x0000000086d00000, 0x0000000086d00000| Untracked 
| 110|0x0000000086e00000, 0x0000000086e00000, 0x0000000086f00000|  0%| F|  |TAMS 0x0000000086e00000, 0x0000000086e00000| Untracked 
| 111|0x0000000086f00000, 0x0000000086f00000, 0x0000000087000000|  0%| F|  |TAMS 0x0000000086f00000, 0x0000000086f00000| Untracked 
| 112|0x0000000087000000, 0x0000000087000000, 0x0000000087100000|  0%| F|  |TAMS 0x0000000087000000, 0x0000000087000000| Untracked 
| 113|0x0000000087100000, 0x0000000087100000, 0x0000000087200000|  0%| F|  |TAMS 0x0000000087100000, 0x0000000087100000| Untracked 
| 114|0x0000000087200000, 0x0000000087200000, 0x0000000087300000|  0%| F|  |TAMS 0x0000000087200000, 0x0000000087200000| Untracked 
| 115|0x0000000087300000, 0x0000000087300000, 0x0000000087400000|  0%| F|  |TAMS 0x0000000087300000, 0x0000000087300000| Untracked 
| 116|0x0000000087400000, 0x0000000087400000, 0x0000000087500000|  0%| F|  |TAMS 0x0000000087400000, 0x0000000087400000| Untracked 
| 117|0x0000000087500000, 0x0000000087500000, 0x0000000087600000|  0%| F|  |TAMS 0x0000000087500000, 0x0000000087500000| Untracked 
| 118|0x0000000087600000, 0x0000000087600000, 0x0000000087700000|  0%| F|  |TAMS 0x0000000087600000, 0x0000000087600000| Untracked 
| 119|0x0000000087700000, 0x0000000087700000, 0x0000000087800000|  0%| F|  |TAMS 0x0000000087700000, 0x0000000087700000| Untracked 
| 120|0x0000000087800000, 0x0000000087800000, 0x0000000087900000|  0%| F|  |TAMS 0x0000000087800000, 0x0000000087800000| Untracked 
| 121|0x0000000087900000, 0x0000000087900000, 0x0000000087a00000|  0%| F|  |TAMS 0x0000000087900000, 0x0000000087900000| Untracked 
| 122|0x0000000087a00000, 0x0000000087a00000, 0x0000000087b00000|  0%| F|  |TAMS 0x0000000087a00000, 0x0000000087a00000| Untracked 
| 123|0x0000000087b00000, 0x0000000087b00000, 0x0000000087c00000|  0%| F|  |TAMS 0x0000000087b00000, 0x0000000087b00000| Untracked 
| 124|0x0000000087c00000, 0x0000000087c00000, 0x0000000087d00000|  0%| F|  |TAMS 0x0000000087c00000, 0x0000000087c00000| Untracked 
| 125|0x0000000087d00000, 0x0000000087d00000, 0x0000000087e00000|  0%| F|  |TAMS 0x0000000087d00000, 0x0000000087d00000| Untracked 
| 126|0x0000000087e00000, 0x0000000087e00000, 0x0000000087f00000|  0%| F|  |TAMS 0x0000000087e00000, 0x0000000087e00000| Untracked 
| 127|0x0000000087f00000, 0x0000000087f00000, 0x0000000088000000|  0%| F|  |TAMS 0x0000000087f00000, 0x0000000087f00000| Untracked 
| 128|0x0000000088000000, 0x0000000088000000, 0x0000000088100000|  0%| F|  |TAMS 0x0000000088000000, 0x0000000088000000| Untracked 
| 129|0x0000000088100000, 0x0000000088100000, 0x0000000088200000|  0%| F|  |TAMS 0x0000000088100000, 0x0000000088100000| Untracked 
| 130|0x0000000088200000, 0x0000000088200000, 0x0000000088300000|  0%| F|  |TAMS 0x0000000088200000, 0x0000000088200000| Untracked 
| 131|0x0000000088300000, 0x0000000088300000, 0x0000000088400000|  0%| F|  |TAMS 0x0000000088300000, 0x0000000088300000| Untracked 
| 132|0x0000000088400000, 0x0000000088400000, 0x0000000088500000|  0%| F|  |TAMS 0x0000000088400000, 0x0000000088400000| Untracked 
| 133|0x0000000088500000, 0x0000000088500000, 0x0000000088600000|  0%| F|  |TAMS 0x0000000088500000, 0x0000000088500000| Untracked 
| 134|0x0000000088600000, 0x0000000088600000, 0x0000000088700000|  0%| F|  |TAMS 0x0000000088600000, 0x0000000088600000| Untracked 
| 135|0x0000000088700000, 0x0000000088700000, 0x0000000088800000|  0%| F|  |TAMS 0x0000000088700000, 0x0000000088700000| Untracked 
| 136|0x0000000088800000, 0x0000000088800000, 0x0000000088900000|  0%| F|  |TAMS 0x0000000088800000, 0x0000000088800000| Untracked 
| 137|0x0000000088900000, 0x0000000088900000, 0x0000000088a00000|  0%| F|  |TAMS 0x0000000088900000, 0x0000000088900000| Untracked 
| 138|0x0000000088a00000, 0x0000000088a00000, 0x0000000088b00000|  0%| F|  |TAMS 0x0000000088a00000, 0x0000000088a00000| Untracked 
| 139|0x0000000088b00000, 0x0000000088b00000, 0x0000000088c00000|  0%| F|  |TAMS 0x0000000088b00000, 0x0000000088b00000| Untracked 
| 140|0x0000000088c00000, 0x0000000088c00000, 0x0000000088d00000|  0%| F|  |TAMS 0x0000000088c00000, 0x0000000088c00000| Untracked 
| 141|0x0000000088d00000, 0x0000000088d00000, 0x0000000088e00000|  0%| F|  |TAMS 0x0000000088d00000, 0x0000000088d00000| Untracked 
| 142|0x0000000088e00000, 0x0000000088e00000, 0x0000000088f00000|  0%| F|  |TAMS 0x0000000088e00000, 0x0000000088e00000| Untracked 
| 143|0x0000000088f00000, 0x0000000088f00000, 0x0000000089000000|  0%| F|  |TAMS 0x0000000088f00000, 0x0000000088f00000| Untracked 
| 144|0x0000000089000000, 0x0000000089000000, 0x0000000089100000|  0%| F|  |TAMS 0x0000000089000000, 0x0000000089000000| Untracked 
| 145|0x0000000089100000, 0x0000000089100000, 0x0000000089200000|  0%| F|  |TAMS 0x0000000089100000, 0x0000000089100000| Untracked 
| 146|0x0000000089200000, 0x0000000089200000, 0x0000000089300000|  0%| F|  |TAMS 0x0000000089200000, 0x0000000089200000| Untracked 
| 147|0x0000000089300000, 0x0000000089300000, 0x0000000089400000|  0%| F|  |TAMS 0x0000000089300000, 0x0000000089300000| Untracked 
| 148|0x0000000089400000, 0x0000000089400000, 0x0000000089500000|  0%| F|  |TAMS 0x0000000089400000, 0x0000000089400000| Untracked 
| 149|0x0000000089500000, 0x0000000089500000, 0x0000000089600000|  0%| F|  |TAMS 0x0000000089500000, 0x0000000089500000| Untracked 
| 150|0x0000000089600000, 0x0000000089600000, 0x0000000089700000|  0%| F|  |TAMS 0x0000000089600000, 0x0000000089600000| Untracked 
| 151|0x0000000089700000, 0x0000000089700000, 0x0000000089800000|  0%| F|  |TAMS 0x0000000089700000, 0x0000000089700000| Untracked 
| 152|0x0000000089800000, 0x0000000089800000, 0x0000000089900000|  0%| F|  |TAMS 0x0000000089800000, 0x0000000089800000| Untracked 
| 153|0x0000000089900000, 0x0000000089900000, 0x0000000089a00000|  0%| F|  |TAMS 0x0000000089900000, 0x0000000089900000| Untracked 
| 154|0x0000000089a00000, 0x0000000089a00000, 0x0000000089b00000|  0%| F|  |TAMS 0x0000000089a00000, 0x0000000089a00000| Untracked 
| 155|0x0000000089b00000, 0x0000000089b00000, 0x0000000089c00000|  0%| F|  |TAMS 0x0000000089b00000, 0x0000000089b00000| Untracked 
| 156|0x0000000089c00000, 0x0000000089c00000, 0x0000000089d00000|  0%| F|  |TAMS 0x0000000089c00000, 0x0000000089c00000| Untracked 
| 157|0x0000000089d00000, 0x0000000089d00000, 0x0000000089e00000|  0%| F|  |TAMS 0x0000000089d00000, 0x0000000089d00000| Untracked 
| 158|0x0000000089e00000, 0x0000000089e00000, 0x0000000089f00000|  0%| F|  |TAMS 0x0000000089e00000, 0x0000000089e00000| Untracked 
| 159|0x0000000089f00000, 0x0000000089f00000, 0x000000008a000000|  0%| F|  |TAMS 0x0000000089f00000, 0x0000000089f00000| Untracked 
| 160|0x000000008a000000, 0x000000008a000000, 0x000000008a100000|  0%| F|  |TAMS 0x000000008a000000, 0x000000008a000000| Untracked 
| 161|0x000000008a100000, 0x000000008a100000, 0x000000008a200000|  0%| F|  |TAMS 0x000000008a100000, 0x000000008a100000| Untracked 
| 162|0x000000008a200000, 0x000000008a200000, 0x000000008a300000|  0%| F|  |TAMS 0x000000008a200000, 0x000000008a200000| Untracked 
| 163|0x000000008a300000, 0x000000008a300000, 0x000000008a400000|  0%| F|  |TAMS 0x000000008a300000, 0x000000008a300000| Untracked 
| 164|0x000000008a400000, 0x000000008a400000, 0x000000008a500000|  0%| F|  |TAMS 0x000000008a400000, 0x000000008a400000| Untracked 
| 165|0x000000008a500000, 0x000000008a500000, 0x000000008a600000|  0%| F|  |TAMS 0x000000008a500000, 0x000000008a500000| Untracked 
| 166|0x000000008a600000, 0x000000008a600000, 0x000000008a700000|  0%| F|  |TAMS 0x000000008a600000, 0x000000008a600000| Untracked 
| 167|0x000000008a700000, 0x000000008a700000, 0x000000008a800000|  0%| F|  |TAMS 0x000000008a700000, 0x000000008a700000| Untracked 
| 168|0x000000008a800000, 0x000000008a800000, 0x000000008a900000|  0%| F|  |TAMS 0x000000008a800000, 0x000000008a800000| Untracked 
| 169|0x000000008a900000, 0x000000008a900000, 0x000000008aa00000|  0%| F|  |TAMS 0x000000008a900000, 0x000000008a900000| Untracked 
| 170|0x000000008aa00000, 0x000000008aa00000, 0x000000008ab00000|  0%| F|  |TAMS 0x000000008aa00000, 0x000000008aa00000| Untracked 
| 171|0x000000008ab00000, 0x000000008ab00000, 0x000000008ac00000|  0%| F|  |TAMS 0x000000008ab00000, 0x000000008ab00000| Untracked 
| 172|0x000000008ac00000, 0x000000008ac00000, 0x000000008ad00000|  0%| F|  |TAMS 0x000000008ac00000, 0x000000008ac00000| Untracked 
| 173|0x000000008ad00000, 0x000000008ad00000, 0x000000008ae00000|  0%| F|  |TAMS 0x000000008ad00000, 0x000000008ad00000| Untracked 
| 174|0x000000008ae00000, 0x000000008ae00000, 0x000000008af00000|  0%| F|  |TAMS 0x000000008ae00000, 0x000000008ae00000| Untracked 
| 175|0x000000008af00000, 0x000000008af00000, 0x000000008b000000|  0%| F|  |TAMS 0x000000008af00000, 0x000000008af00000| Untracked 
| 176|0x000000008b000000, 0x000000008b000000, 0x000000008b100000|  0%| F|  |TAMS 0x000000008b000000, 0x000000008b000000| Untracked 
| 177|0x000000008b100000, 0x000000008b100000, 0x000000008b200000|  0%| F|  |TAMS 0x000000008b100000, 0x000000008b100000| Untracked 
| 178|0x000000008b200000, 0x000000008b200000, 0x000000008b300000|  0%| F|  |TAMS 0x000000008b200000, 0x000000008b200000| Untracked 
| 179|0x000000008b300000, 0x000000008b300000, 0x000000008b400000|  0%| F|  |TAMS 0x000000008b300000, 0x000000008b300000| Untracked 
| 180|0x000000008b400000, 0x000000008b400000, 0x000000008b500000|  0%| F|  |TAMS 0x000000008b400000, 0x000000008b400000| Untracked 
| 181|0x000000008b500000, 0x000000008b500000, 0x000000008b600000|  0%| F|  |TAMS 0x000000008b500000, 0x000000008b500000| Untracked 
| 182|0x000000008b600000, 0x000000008b600000, 0x000000008b700000|  0%| F|  |TAMS 0x000000008b600000, 0x000000008b600000| Untracked 
| 183|0x000000008b700000, 0x000000008b700000, 0x000000008b800000|  0%| F|  |TAMS 0x000000008b700000, 0x000000008b700000| Untracked 
| 184|0x000000008b800000, 0x000000008b800000, 0x000000008b900000|  0%| F|  |TAMS 0x000000008b800000, 0x000000008b800000| Untracked 
| 185|0x000000008b900000, 0x000000008b900000, 0x000000008ba00000|  0%| F|  |TAMS 0x000000008b900000, 0x000000008b900000| Untracked 
| 186|0x000000008ba00000, 0x000000008ba00000, 0x000000008bb00000|  0%| F|  |TAMS 0x000000008ba00000, 0x000000008ba00000| Untracked 
| 187|0x000000008bb00000, 0x000000008bb00000, 0x000000008bc00000|  0%| F|  |TAMS 0x000000008bb00000, 0x000000008bb00000| Untracked 
| 188|0x000000008bc00000, 0x000000008bc00000, 0x000000008bd00000|  0%| F|  |TAMS 0x000000008bc00000, 0x000000008bc00000| Untracked 
| 189|0x000000008bd00000, 0x000000008bd00000, 0x000000008be00000|  0%| F|  |TAMS 0x000000008bd00000, 0x000000008bd00000| Untracked 
| 190|0x000000008be00000, 0x000000008be00000, 0x000000008bf00000|  0%| F|  |TAMS 0x000000008be00000, 0x000000008be00000| Untracked 
| 191|0x000000008bf00000, 0x000000008bf00000, 0x000000008c000000|  0%| F|  |TAMS 0x000000008bf00000, 0x000000008bf00000| Untracked 
| 192|0x000000008c000000, 0x000000008c000000, 0x000000008c100000|  0%| F|  |TAMS 0x000000008c000000, 0x000000008c000000| Untracked 
| 193|0x000000008c100000, 0x000000008c100000, 0x000000008c200000|  0%| F|  |TAMS 0x000000008c100000, 0x000000008c100000| Untracked 
| 194|0x000000008c200000, 0x000000008c200000, 0x000000008c300000|  0%| F|  |TAMS 0x000000008c200000, 0x000000008c200000| Untracked 
| 195|0x000000008c300000, 0x000000008c300000, 0x000000008c400000|  0%| F|  |TAMS 0x000000008c300000, 0x000000008c300000| Untracked 
| 196|0x000000008c400000, 0x000000008c400000, 0x000000008c500000|  0%| F|  |TAMS 0x000000008c400000, 0x000000008c400000| Untracked 
| 197|0x000000008c500000, 0x000000008c500000, 0x000000008c600000|  0%| F|  |TAMS 0x000000008c500000, 0x000000008c500000| Untracked 
| 198|0x000000008c600000, 0x000000008c600000, 0x000000008c700000|  0%| F|  |TAMS 0x000000008c600000, 0x000000008c600000| Untracked 
| 199|0x000000008c700000, 0x000000008c700000, 0x000000008c800000|  0%| F|  |TAMS 0x000000008c700000, 0x000000008c700000| Untracked 
| 200|0x000000008c800000, 0x000000008c800000, 0x000000008c900000|  0%| F|  |TAMS 0x000000008c800000, 0x000000008c800000| Untracked 
| 201|0x000000008c900000, 0x000000008c900000, 0x000000008ca00000|  0%| F|  |TAMS 0x000000008c900000, 0x000000008c900000| Untracked 
| 202|0x000000008ca00000, 0x000000008ca00000, 0x000000008cb00000|  0%| F|  |TAMS 0x000000008ca00000, 0x000000008ca00000| Untracked 
| 203|0x000000008cb00000, 0x000000008cb00000, 0x000000008cc00000|  0%| F|  |TAMS 0x000000008cb00000, 0x000000008cb00000| Untracked 
| 204|0x000000008cc00000, 0x000000008cc00000, 0x000000008cd00000|  0%| F|  |TAMS 0x000000008cc00000, 0x000000008cc00000| Untracked 
| 205|0x000000008cd00000, 0x000000008cd00000, 0x000000008ce00000|  0%| F|  |TAMS 0x000000008cd00000, 0x000000008cd00000| Untracked 
| 206|0x000000008ce00000, 0x000000008ce00000, 0x000000008cf00000|  0%| F|  |TAMS 0x000000008ce00000, 0x000000008ce00000| Untracked 
| 207|0x000000008cf00000, 0x000000008cf00000, 0x000000008d000000|  0%| F|  |TAMS 0x000000008cf00000, 0x000000008cf00000| Untracked 
| 208|0x000000008d000000, 0x000000008d000000, 0x000000008d100000|  0%| F|  |TAMS 0x000000008d000000, 0x000000008d000000| Untracked 
| 209|0x000000008d100000, 0x000000008d100000, 0x000000008d200000|  0%| F|  |TAMS 0x000000008d100000, 0x000000008d100000| Untracked 
| 210|0x000000008d200000, 0x000000008d200000, 0x000000008d300000|  0%| F|  |TAMS 0x000000008d200000, 0x000000008d200000| Untracked 
| 211|0x000000008d300000, 0x000000008d300000, 0x000000008d400000|  0%| F|  |TAMS 0x000000008d300000, 0x000000008d300000| Untracked 
| 212|0x000000008d400000, 0x000000008d400000, 0x000000008d500000|  0%| F|  |TAMS 0x000000008d400000, 0x000000008d400000| Untracked 
| 213|0x000000008d500000, 0x000000008d500000, 0x000000008d600000|  0%| F|  |TAMS 0x000000008d500000, 0x000000008d500000| Untracked 
| 214|0x000000008d600000, 0x000000008d600000, 0x000000008d700000|  0%| F|  |TAMS 0x000000008d600000, 0x000000008d600000| Untracked 
| 215|0x000000008d700000, 0x000000008d700000, 0x000000008d800000|  0%| F|  |TAMS 0x000000008d700000, 0x000000008d700000| Untracked 
| 216|0x000000008d800000, 0x000000008d800000, 0x000000008d900000|  0%| F|  |TAMS 0x000000008d800000, 0x000000008d800000| Untracked 
| 217|0x000000008d900000, 0x000000008d900000, 0x000000008da00000|  0%| F|  |TAMS 0x000000008d900000, 0x000000008d900000| Untracked 
| 218|0x000000008da00000, 0x000000008da00000, 0x000000008db00000|  0%| F|  |TAMS 0x000000008da00000, 0x000000008da00000| Untracked 
| 219|0x000000008db00000, 0x000000008db00000, 0x000000008dc00000|  0%| F|  |TAMS 0x000000008db00000, 0x000000008db00000| Untracked 
| 220|0x000000008dc00000, 0x000000008dc00000, 0x000000008dd00000|  0%| F|  |TAMS 0x000000008dc00000, 0x000000008dc00000| Untracked 
| 221|0x000000008dd00000, 0x000000008dd00000, 0x000000008de00000|  0%| F|  |TAMS 0x000000008dd00000, 0x000000008dd00000| Untracked 
| 222|0x000000008de00000, 0x000000008de00000, 0x000000008df00000|  0%| F|  |TAMS 0x000000008de00000, 0x000000008de00000| Untracked 
| 223|0x000000008df00000, 0x000000008df00000, 0x000000008e000000|  0%| F|  |TAMS 0x000000008df00000, 0x000000008df00000| Untracked 
| 224|0x000000008e000000, 0x000000008e000000, 0x000000008e100000|  0%| F|  |TAMS 0x000000008e000000, 0x000000008e000000| Untracked 
| 225|0x000000008e100000, 0x000000008e100000, 0x000000008e200000|  0%| F|  |TAMS 0x000000008e100000, 0x000000008e100000| Untracked 
| 226|0x000000008e200000, 0x000000008e200000, 0x000000008e300000|  0%| F|  |TAMS 0x000000008e200000, 0x000000008e200000| Untracked 
| 227|0x000000008e300000, 0x000000008e300000, 0x000000008e400000|  0%| F|  |TAMS 0x000000008e300000, 0x000000008e300000| Untracked 
| 228|0x000000008e400000, 0x000000008e400000, 0x000000008e500000|  0%| F|  |TAMS 0x000000008e400000, 0x000000008e400000| Untracked 
| 229|0x000000008e500000, 0x000000008e500000, 0x000000008e600000|  0%| F|  |TAMS 0x000000008e500000, 0x000000008e500000| Untracked 
| 230|0x000000008e600000, 0x000000008e600000, 0x000000008e700000|  0%| F|  |TAMS 0x000000008e600000, 0x000000008e600000| Untracked 
| 231|0x000000008e700000, 0x000000008e700000, 0x000000008e800000|  0%| F|  |TAMS 0x000000008e700000, 0x000000008e700000| Untracked 
| 232|0x000000008e800000, 0x000000008e880800, 0x000000008e900000| 50%| E|  |TAMS 0x000000008e800000, 0x000000008e800000| Complete 
| 233|0x000000008e900000, 0x000000008ea00000, 0x000000008ea00000|100%| E|CS|TAMS 0x000000008e900000, 0x000000008e900000| Complete 
| 234|0x000000008ea00000, 0x000000008eb00000, 0x000000008eb00000|100%| E|CS|TAMS 0x000000008ea00000, 0x000000008ea00000| Complete 
| 235|0x000000008eb00000, 0x000000008ec00000, 0x000000008ec00000|100%| E|CS|TAMS 0x000000008eb00000, 0x000000008eb00000| Complete 
| 236|0x000000008ec00000, 0x000000008ed00000, 0x000000008ed00000|100%| E|CS|TAMS 0x000000008ec00000, 0x000000008ec00000| Complete 
| 237|0x000000008ed00000, 0x000000008ee00000, 0x000000008ee00000|100%| E|CS|TAMS 0x000000008ed00000, 0x000000008ed00000| Complete 
| 238|0x000000008ee00000, 0x000000008ef00000, 0x000000008ef00000|100%| E|CS|TAMS 0x000000008ee00000, 0x000000008ee00000| Complete 
| 239|0x000000008ef00000, 0x000000008f000000, 0x000000008f000000|100%| E|CS|TAMS 0x000000008ef00000, 0x000000008ef00000| Complete 
| 240|0x000000008f000000, 0x000000008f100000, 0x000000008f100000|100%| E|CS|TAMS 0x000000008f000000, 0x000000008f000000| Complete 
| 241|0x000000008f100000, 0x000000008f200000, 0x000000008f200000|100%| E|CS|TAMS 0x000000008f100000, 0x000000008f100000| Complete 
| 251|0x000000008fb00000, 0x000000008fc00000, 0x000000008fc00000|100%| E|CS|TAMS 0x000000008fb00000, 0x000000008fb00000| Complete 

Card table byte_map: [0x000002737a5b0000,0x000002737a9b0000] _byte_map_base: 0x000002737a1b0000

Marking Bits (Prev, Next): (CMBitMap*) 0x00000273767eddb0, (CMBitMap*) 0x00000273767edd70
 Prev Bits: [0x000002737cdb0000, 0x000002737edb0000)
 Next Bits: [0x000002737adb0000, 0x000002737cdb0000)

Polling page: 0x00000273745e0000

Metaspace:

Usage:
  Non-class:     43.82 MB used.
      Class:      6.71 MB used.
       Both:     50.53 MB used.

Virtual space:
  Non-class space:       48.00 MB reserved,      44.12 MB ( 92%) committed,  6 nodes.
      Class space:        1.00 GB reserved,       6.94 MB ( <1%) committed,  1 nodes.
             Both:        1.05 GB reserved,      51.06 MB (  5%) committed. 

Chunk freelists:
   Non-Class:  3.31 MB
       Class:  928.00 KB
        Both:  4.22 MB

MaxMetaspaceSize: unlimited
CompressedClassSpaceSize: 1.00 GB
Initial GC threshold: 21.00 MB
Current GC threshold: 78.88 MB
CDS: off
MetaspaceReclaimPolicy: balanced
 - commit_granule_bytes: 65536.
 - commit_granule_words: 8192.
 - virtual_space_node_default_size: 1048576.
 - enlarge_chunks_in_place: 1.
 - new_chunks_are_fully_committed: 0.
 - uncommit_free_chunks: 1.
 - use_allocation_guard: 0.
 - handle_deallocations: 1.


Internal statistics:

num_allocs_failed_limit: 3.
num_arena_births: 660.
num_arena_deaths: 0.
num_vsnodes_births: 7.
num_vsnodes_deaths: 0.
num_space_committed: 817.
num_space_uncommitted: 0.
num_chunks_returned_to_freelist: 3.
num_chunks_taken_from_freelist: 2327.
num_chunk_merges: 0.
num_chunk_splits: 1515.
num_chunks_enlarged: 1023.
num_purges: 0.
num_inconsistent_stats: 0.

CodeHeap 'non-profiled nmethods': size=120000Kb used=2222Kb max_used=3126Kb free=117777Kb
 bounds [0x0000027307ad0000, 0x0000027307de0000, 0x000002730f000000]
CodeHeap 'profiled nmethods': size=120000Kb used=7722Kb max_used=9793Kb free=112277Kb
 bounds [0x0000027300000000, 0x00000273009a0000, 0x0000027307530000]
CodeHeap 'non-nmethods': size=5760Kb used=2309Kb max_used=2345Kb free=3450Kb
 bounds [0x0000027307530000, 0x00000273077a0000, 0x0000027307ad0000]
 total_blobs=4809 nmethods=3987 adapters=734
 compilation: enabled
              stopped_count=0, restarted_count=0
 full_count=0

Compilation events (20 events):
Event: 6.826 Thread 0x000002737fadd800 nmethod 4706 0x000002730098df10 code [0x000002730098e0c0, 0x000002730098e2f8]
Event: 6.826 Thread 0x000002737fadd800 4707       3       java.lang.invoke.LambdaFormEditor::getInCache (165 bytes)
Event: 6.827 Thread 0x000002737fadd800 nmethod 4707 0x000002730098e410 code [0x000002730098e680, 0x000002730098f4f8]
Event: 6.832 Thread 0x000002737fadd800 4714       3       jdk.internal.org.objectweb.asm.ClassWriter::visitSource (39 bytes)
Event: 6.833 Thread 0x000002737fadd800 nmethod 4714 0x000002730098f890 code [0x000002730098fa60, 0x000002730098fed8]
Event: 6.834 Thread 0x000002731734db30 4716       4       java.lang.invoke.LambdaForm::useCount (61 bytes)
Event: 6.842 Thread 0x000002731734db30 nmethod 4716 0x0000027307dd9590 code [0x0000027307dd9720, 0x0000027307dd9998]
Event: 6.844 Thread 0x000002737fadd800 4717       3       java.lang.reflect.Modifier::isVolatile (13 bytes)
Event: 6.845 Thread 0x000002737fadd800 nmethod 4717 0x0000027300990090 code [0x0000027300990220, 0x0000027300990378]
Event: 6.866 Thread 0x000002737fadd800 4718       1       org.jetbrains.kotlin.com.intellij.psi.tree.IElementType::getIndex (5 bytes)
Event: 6.866 Thread 0x000002737fadd800 nmethod 4718 0x0000027307dd9b90 code [0x0000027307dd9d20, 0x0000027307dd9df8]
Event: 6.867 Thread 0x000002731734db30 4719       4       java.security.SecureClassLoader::defineClass (16 bytes)
Event: 6.871 Thread 0x000002737fd982a0 nmethod 4693 0x0000027307dd9e90 code [0x0000027307dda100, 0x0000027307ddbf20]
Event: 6.872 Thread 0x000002737fd982a0 4721       4       jdk.internal.loader.URLClassPath$JarLoader$2::getBytes (48 bytes)
Event: 6.874 Thread 0x000002737fd982a0 nmethod 4721 0x0000027307ddcd90 code [0x0000027307ddcf20, 0x0000027307ddd068]
Event: 6.874 Thread 0x000002737fd982a0 4720       4       jdk.internal.loader.URLClassPath$JarLoader$2::getCodeSigners (8 bytes)
Event: 6.877 Thread 0x000002737fd982a0 nmethod 4720 0x0000027307ddd290 code [0x0000027307ddd420, 0x0000027307ddd5e8]
Event: 6.883 Thread 0x000002737fd982a0 4722       4       java.lang.ClassLoader::getDefinedPackage (36 bytes)
Event: 6.917 Thread 0x000002737fd982a0 nmethod 4722 0x0000027307bb1f10 code [0x0000027307bb2120, 0x0000027307bb30c8]
Event: 6.919 Thread 0x000002737fd982a0 4723       4       java.lang.ClassLoader::defineClass (43 bytes)

GC Heap History (20 events):
Event: 4.125 GC heap before
{Heap before GC invocations=9 (full 0):
 garbage-first heap   total 81920K, used 52662K [0x0000000080000000, 0x0000000100000000)
  region size 1024K, 8 young (8192K), 1 survivors (1024K)
 Metaspace       used 30187K, committed 30528K, reserved 1081344K
  class space    used 4122K, committed 4288K, reserved 1048576K
}
Event: 4.127 GC heap after
{Heap after GC invocations=10 (full 0):
 garbage-first heap   total 81920K, used 48327K [0x0000000080000000, 0x0000000100000000)
  region size 1024K, 1 young (1024K), 1 survivors (1024K)
 Metaspace       used 30187K, committed 30528K, reserved 1081344K
  class space    used 4122K, committed 4288K, reserved 1048576K
}
Event: 4.194 GC heap before
{Heap before GC invocations=10 (full 0):
 garbage-first heap   total 81920K, used 50375K [0x0000000080000000, 0x0000000100000000)
  region size 1024K, 4 young (4096K), 1 survivors (1024K)
 Metaspace       used 30694K, committed 31040K, reserved 1081344K
  class space    used 4182K, committed 4352K, reserved 1048576K
}
Event: 4.195 GC heap after
{Heap after GC invocations=11 (full 0):
 garbage-first heap   total 81920K, used 48448K [0x0000000080000000, 0x0000000100000000)
  region size 1024K, 1 young (1024K), 1 survivors (1024K)
 Metaspace       used 30694K, committed 31040K, reserved 1081344K
  class space    used 4182K, committed 4352K, reserved 1048576K
}
Event: 4.526 GC heap before
{Heap before GC invocations=11 (full 0):
 garbage-first heap   total 81920K, used 62784K [0x0000000080000000, 0x0000000100000000)
  region size 1024K, 15 young (15360K), 1 survivors (1024K)
 Metaspace       used 32600K, committed 32960K, reserved 1081344K
  class space    used 4509K, committed 4672K, reserved 1048576K
}
Event: 4.528 GC heap after
{Heap after GC invocations=12 (full 0):
 garbage-first heap   total 119808K, used 49124K [0x0000000080000000, 0x0000000100000000)
  region size 1024K, 1 young (1024K), 1 survivors (1024K)
 Metaspace       used 32600K, committed 32960K, reserved 1081344K
  class space    used 4509K, committed 4672K, reserved 1048576K
}
Event: 5.355 GC heap before
{Heap before GC invocations=13 (full 0):
 garbage-first heap   total 119808K, used 88036K [0x0000000080000000, 0x0000000100000000)
  region size 1024K, 40 young (40960K), 1 survivors (1024K)
 Metaspace       used 41486K, committed 41920K, reserved 1089536K
  class space    used 5566K, committed 5760K, reserved 1048576K
}
Event: 5.360 GC heap after
{Heap after GC invocations=14 (full 0):
 garbage-first heap   total 119808K, used 53190K [0x0000000080000000, 0x0000000100000000)
  region size 1024K, 5 young (5120K), 5 survivors (5120K)
 Metaspace       used 41486K, committed 41920K, reserved 1089536K
  class space    used 5566K, committed 5760K, reserved 1048576K
}
Event: 5.375 GC heap before
{Heap before GC invocations=14 (full 0):
 garbage-first heap   total 119808K, used 54214K [0x0000000080000000, 0x0000000100000000)
  region size 1024K, 6 young (6144K), 5 survivors (5120K)
 Metaspace       used 41664K, committed 42048K, reserved 1089536K
  class space    used 5581K, committed 5760K, reserved 1048576K
}
Event: 5.379 GC heap after
{Heap after GC invocations=15 (full 0):
 garbage-first heap   total 119808K, used 52832K [0x0000000080000000, 0x0000000100000000)
  region size 1024K, 1 young (1024K), 1 survivors (1024K)
 Metaspace       used 41664K, committed 42048K, reserved 1089536K
  class space    used 5581K, committed 5760K, reserved 1048576K
}
Event: 5.514 GC heap before
{Heap before GC invocations=15 (full 0):
 garbage-first heap   total 119808K, used 73312K [0x0000000080000000, 0x0000000100000000)
  region size 1024K, 23 young (23552K), 1 survivors (1024K)
 Metaspace       used 42185K, committed 42624K, reserved 1089536K
  class space    used 5627K, committed 5824K, reserved 1048576K
}
Event: 5.517 GC heap after
{Heap after GC invocations=16 (full 0):
 garbage-first heap   total 119808K, used 54829K [0x0000000080000000, 0x0000000100000000)
  region size 1024K, 3 young (3072K), 3 survivors (3072K)
 Metaspace       used 42185K, committed 42624K, reserved 1089536K
  class space    used 5627K, committed 5824K, reserved 1048576K
}
Event: 6.229 GC heap before
{Heap before GC invocations=17 (full 0):
 garbage-first heap   total 119808K, used 101933K [0x0000000080000000, 0x0000000100000000)
  region size 1024K, 40 young (40960K), 3 survivors (3072K)
 Metaspace       used 46913K, committed 47360K, reserved 1097728K
  class space    used 6243K, committed 6464K, reserved 1048576K
}
Event: 6.234 GC heap after
{Heap after GC invocations=18 (full 0):
 garbage-first heap   total 119808K, used 65133K [0x0000000080000000, 0x0000000100000000)
  region size 1024K, 5 young (5120K), 5 survivors (5120K)
 Metaspace       used 46913K, committed 47360K, reserved 1097728K
  class space    used 6243K, committed 6464K, reserved 1048576K
}
Event: 6.244 GC heap before
{Heap before GC invocations=18 (full 0):
 garbage-first heap   total 119808K, used 66157K [0x0000000080000000, 0x0000000100000000)
  region size 1024K, 6 young (6144K), 5 survivors (5120K)
 Metaspace       used 46995K, committed 47488K, reserved 1097728K
  class space    used 6248K, committed 6464K, reserved 1048576K
}
Event: 6.248 GC heap after
{Heap after GC invocations=19 (full 0):
 garbage-first heap   total 119808K, used 65721K [0x0000000080000000, 0x0000000100000000)
  region size 1024K, 1 young (1024K), 1 survivors (1024K)
 Metaspace       used 46995K, committed 47488K, reserved 1097728K
  class space    used 6248K, committed 6464K, reserved 1048576K
}
Event: 6.297 GC heap before
{Heap before GC invocations=19 (full 0):
 garbage-first heap   total 119808K, used 68793K [0x0000000080000000, 0x0000000100000000)
  region size 1024K, 5 young (5120K), 1 survivors (1024K)
 Metaspace       used 47348K, committed 47808K, reserved 1097728K
  class space    used 6277K, committed 6464K, reserved 1048576K
}
Event: 6.299 GC heap after
{Heap after GC invocations=20 (full 0):
 garbage-first heap   total 119808K, used 66124K [0x0000000080000000, 0x0000000100000000)
  region size 1024K, 1 young (1024K), 1 survivors (1024K)
 Metaspace       used 47348K, committed 47808K, reserved 1097728K
  class space    used 6277K, committed 6464K, reserved 1048576K
}
Event: 6.711 GC heap before
{Heap before GC invocations=21 (full 0):
 garbage-first heap   total 119808K, used 96844K [0x0000000080000000, 0x0000000100000000)
  region size 1024K, 30 young (30720K), 1 survivors (1024K)
 Metaspace       used 49991K, committed 50560K, reserved 1097728K
  class space    used 6566K, committed 6784K, reserved 1048576K
}
Event: 6.715 GC heap after
{Heap after GC invocations=22 (full 0):
 garbage-first heap   total 248832K, used 67517K [0x0000000080000000, 0x0000000100000000)
  region size 1024K, 3 young (3072K), 3 survivors (3072K)
 Metaspace       used 49991K, committed 50560K, reserved 1097728K
  class space    used 6566K, committed 6784K, reserved 1048576K
}

Dll operation events (2 events):
Event: 0.008 Loaded shared library C:\Program Files\Android\Android Studio\jbr\bin\java.dll
Event: 0.462 Loaded shared library C:\Program Files\Android\Android Studio\jbr\bin\verify.dll

Deoptimization events (20 events):
Event: 6.338 Thread 0x000002731248a6a0 DEOPT PACKING pc=0x0000027307d826cc sp=0x0000007c10af69a0
Event: 6.338 Thread 0x000002731248a6a0 DEOPT UNPACKING pc=0x00000273075869a3 sp=0x0000007c10af6930 mode 2
Event: 6.451 Thread 0x000002731248a6a0 DEOPT PACKING pc=0x0000027300390f08 sp=0x0000007c10af88a0
Event: 6.451 Thread 0x000002731248a6a0 DEOPT UNPACKING pc=0x0000027307587143 sp=0x0000007c10af7da8 mode 0
Event: 6.454 Thread 0x000002731248a6a0 DEOPT PACKING pc=0x0000027300401f54 sp=0x0000007c10af8eb0
Event: 6.454 Thread 0x000002731248a6a0 DEOPT UNPACKING pc=0x0000027307587143 sp=0x0000007c10af8408 mode 0
Event: 6.462 Thread 0x000002731248a6a0 Uncommon trap: trap_request=0xffffff45 fr.pc=0x0000027307bff87c relative=0x0000000000006a9c
Event: 6.462 Thread 0x000002731248a6a0 Uncommon trap: reason=unstable_if action=reinterpret pc=0x0000027307bff87c method=jdk.internal.org.objectweb.asm.SymbolTable.addType(Ljava/lang/String;)I @ 33 c2
Event: 6.462 Thread 0x000002731248a6a0 DEOPT PACKING pc=0x0000027307bff87c sp=0x0000007c10af7560
Event: 6.462 Thread 0x000002731248a6a0 DEOPT UNPACKING pc=0x00000273075869a3 sp=0x0000007c10af7488 mode 2
Event: 6.492 Thread 0x000002731248a6a0 Uncommon trap: trap_request=0xffffffcc fr.pc=0x0000027307d9f944 relative=0x0000000000000324
Event: 6.492 Thread 0x000002731248a6a0 Uncommon trap: reason=intrinsic_or_type_checked_inlining action=make_not_entrant pc=0x0000027307d9f944 method=java.util.Arrays.copyOf([Ljava/lang/Object;ILjava/lang/Class;)[Ljava/lang/Object; @ 35 c2
Event: 6.492 Thread 0x000002731248a6a0 DEOPT PACKING pc=0x0000027307d9f944 sp=0x0000007c10af7950
Event: 6.492 Thread 0x000002731248a6a0 DEOPT UNPACKING pc=0x00000273075869a3 sp=0x0000007c10af78e0 mode 2
Event: 6.554 Thread 0x000002731248a6a0 Uncommon trap: trap_request=0xffffff45 fr.pc=0x0000027307d75bec relative=0x000000000000048c
Event: 6.554 Thread 0x000002731248a6a0 Uncommon trap: reason=unstable_if action=reinterpret pc=0x0000027307d75bec method=jdk.internal.org.objectweb.asm.MethodWriter.visitVarInsn(II)V @ 230 c2
Event: 6.554 Thread 0x000002731248a6a0 DEOPT PACKING pc=0x0000027307d75bec sp=0x0000007c10af8e10
Event: 6.554 Thread 0x000002731248a6a0 DEOPT UNPACKING pc=0x00000273075869a3 sp=0x0000007c10af8dd0 mode 2
Event: 6.606 Thread 0x000002731248a6a0 DEOPT PACKING pc=0x000002730068e44e sp=0x0000007c10af8520
Event: 6.606 Thread 0x000002731248a6a0 DEOPT UNPACKING pc=0x0000027307587143 sp=0x0000007c10af7a10 mode 0

Classes unloaded (0 events):
No events

Classes redefined (0 events):
No events

Internal exceptions (20 events):
Event: 6.558 Thread 0x000002731248a6a0 Exception <a 'java/lang/NoSuchMethodError'{0x0000000086686308}: 'java.lang.Object java.lang.invoke.DirectMethodHandle$Holder.invokeStatic(java.lang.Object, java.lang.Object, java.lang.Object, java.lang.Object, java.lang.Object, java.lang.Object, java.lang.Object, java.lang.Object, java.lang.Object, java.lang.Object, java.lang.Object, java.lang.Object, java.lang.Object, java.lang.Object, java.lang.Object, java.lang.Object, java.lang.Object, java.lang.Object)'> (0x0000000086686308) 
thrown [s\src\hotspot\sha
Event: 6.560 Thread 0x000002731248a6a0 Exception <a 'java/lang/NoSuchMethodError'{0x00000000866ae950}: 'java.lang.Object java.lang.invoke.DirectMethodHandle$Holder.invokeStatic(java.lang.Object, java.lang.Object, java.lang.Object, java.lang.Object, java.lang.Object, java.lang.Object, java.lang.Object, java.lang.Object, java.lang.Object, java.lang.Object, java.lang.Object, java.lang.Object, java.lang.Object, java.lang.Object, java.lang.Object, java.lang.Object, java.lang.Object, java.lang.Object, java.lang.Object)'> (0x00000000866ae950) 
thrown 
Event: 6.563 Thread 0x000002731248a6a0 Exception <a 'java/lang/NoSuchMethodError'{0x00000000866d8290}: 'java.lang.Object java.lang.invoke.DirectMethodHandle$Holder.invokeStatic(java.lang.Object, java.lang.Object, java.lang.Object, java.lang.Object, java.lang.Object, java.lang.Object, java.lang.Object, java.lang.Object, java.lang.Object, java.lang.Object, java.lang.Object, java.lang.Object, java.lang.Object, java.lang.Object, java.lang.Object, java.lang.Object, java.lang.Object, java.lang.Object, java.lang.Object, java.lang.Object)'> (0x00000000
Event: 6.566 Thread 0x000002731248a6a0 Exception <a 'java/lang/NoSuchMethodError'{0x0000000086503150}: 'java.lang.Object java.lang.invoke.DirectMethodHandle$Holder.invokeStatic(java.lang.Object, java.lang.Object, java.lang.Object, java.lang.Object, java.lang.Object, java.lang.Object, java.lang.Object, java.lang.Object, java.lang.Object, java.lang.Object, java.lang.Object, java.lang.Object, java.lang.Object, java.lang.Object, java.lang.Object, java.lang.Object, java.lang.Object, java.lang.Object, java.lang.Object, java.lang.Object, java.lang.Obj
Event: 6.569 Thread 0x000002731248a6a0 Exception <a 'java/lang/NoSuchMethodError'{0x000000008652e458}: 'java.lang.Object java.lang.invoke.DirectMethodHandle$Holder.invokeStatic(java.lang.Object, java.lang.Object, java.lang.Object, java.lang.Object, java.lang.Object, java.lang.Object, java.lang.Object, java.lang.Object, java.lang.Object, java.lang.Object, java.lang.Object, java.lang.Object, java.lang.Object, java.lang.Object, java.lang.Object, java.lang.Object, java.lang.Object, java.lang.Object, java.lang.Object, java.lang.Object, java.lang.Obj
Event: 6.572 Thread 0x000002731248a6a0 Exception <a 'java/lang/NoSuchMethodError'{0x000000008655b1f8}: 'java.lang.Object java.lang.invoke.DirectMethodHandle$Holder.invokeStatic(java.lang.Object, java.lang.Object, java.lang.Object, java.lang.Object, java.lang.Object, java.lang.Object, java.lang.Object, java.lang.Object, java.lang.Object, java.lang.Object, java.lang.Object, java.lang.Object, java.lang.Object, java.lang.Object, java.lang.Object, java.lang.Object, java.lang.Object, java.lang.Object, java.lang.Object, java.lang.Object, java.lang.Obj
Event: 6.575 Thread 0x000002731248a6a0 Exception <a 'java/lang/NoSuchMethodError'{0x0000000086589ae8}: 'java.lang.Object java.lang.invoke.DirectMethodHandle$Holder.invokeStatic(java.lang.Object, java.lang.Object, java.lang.Object, java.lang.Object, java.lang.Object, java.lang.Object, java.lang.Object, java.lang.Object, java.lang.Object, java.lang.Object, java.lang.Object, java.lang.Object, java.lang.Object, java.lang.Object, java.lang.Object, java.lang.Object, java.lang.Object, java.lang.Object, java.lang.Object, java.lang.Object, java.lang.Obj
Event: 6.661 Thread 0x000002731248a6a0 Exception <a 'java/lang/IncompatibleClassChangeError'{0x00000000859b4248}: Found class java.lang.Object, but interface was expected> (0x00000000859b4248) 
thrown [s\src\hotspot\share\interpreter\linkResolver.cpp, line 838]
Event: 6.718 Thread 0x000002731248a6a0 Exception <a 'java/lang/IncompatibleClassChangeError'{0x000000008fb26140}: Found class java.lang.Object, but interface was expected> (0x000000008fb26140) 
thrown [s\src\hotspot\share\interpreter\linkResolver.cpp, line 838]
Event: 6.746 Thread 0x000002731248a6a0 Exception <a 'java/lang/NoSuchMethodError'{0x000000008f18d8f0}: 'int java.lang.invoke.DirectMethodHandle$Holder.invokeStaticInit(java.lang.Object, java.lang.Object, java.lang.Object, java.lang.Object, java.lang.Object)'> (0x000000008f18d8f0) 
thrown [s\src\hotspot\share\interpreter\linkResolver.cpp, line 771]
Event: 6.791 Thread 0x000002731248a6a0 Exception <a 'java/lang/NoSuchMethodError'{0x000000008ee00be0}: 'java.lang.Object java.lang.invoke.DirectMethodHandle$Holder.invokeStaticInit(java.lang.Object, int)'> (0x000000008ee00be0) 
thrown [s\src\hotspot\share\interpreter\linkResolver.cpp, line 771]
Event: 6.819 Thread 0x000002731248a6a0 Exception <a 'java/lang/NoSuchMethodError'{0x000000008ed25a20}: 'int java.lang.invoke.DelegatingMethodHandle$Holder.reinvoke_L(java.lang.Object, java.lang.Object, java.lang.Object, long, int, int)'> (0x000000008ed25a20) 
thrown [s\src\hotspot\share\interpreter\linkResolver.cpp, line 771]
Event: 6.820 Thread 0x000002731248a6a0 Exception <a 'java/lang/NoSuchMethodError'{0x000000008ed355f0}: 'int java.lang.invoke.DelegatingMethodHandle$Holder.reinvoke_L(java.lang.Object, java.lang.Object, java.lang.Object, long, long, long)'> (0x000000008ed355f0) 
thrown [s\src\hotspot\share\interpreter\linkResolver.cpp, line 771]
Event: 6.821 Thread 0x000002731248a6a0 Exception <a 'java/lang/NoSuchMethodError'{0x000000008ed454c8}: 'int java.lang.invoke.DelegatingMethodHandle$Holder.reinvoke_L(java.lang.Object, java.lang.Object, java.lang.Object, long, java.lang.Object, java.lang.Object)'> (0x000000008ed454c8) 
thrown [s\src\hotspot\share\interpreter\linkResolver.cpp, line 771]
Event: 6.822 Thread 0x000002731248a6a0 Exception <a 'java/lang/NoSuchMethodError'{0x000000008ed551e8}: 'void java.lang.invoke.DelegatingMethodHandle$Holder.reinvoke_L(java.lang.Object, java.lang.Object, java.lang.Object, long, java.lang.Object)'> (0x000000008ed551e8) 
thrown [s\src\hotspot\share\interpreter\linkResolver.cpp, line 771]
Event: 6.823 Thread 0x000002731248a6a0 Exception <a 'java/lang/NoSuchMethodError'{0x000000008ed5d870}: 'java.lang.Object java.lang.invoke.DirectMethodHandle$Holder.invokeSpecial(java.lang.Object, java.lang.Object, java.lang.Object, java.lang.Object, long)'> (0x000000008ed5d870) 
thrown [s\src\hotspot\share\interpreter\linkResolver.cpp, line 771]
Event: 6.826 Thread 0x000002731248a6a0 Exception <a 'java/lang/NoSuchMethodError'{0x000000008ed82780}: 'long java.lang.invoke.Invokers$Holder.invoke_MT(java.lang.Object, java.lang.Object, java.lang.Object, java.lang.Object)'> (0x000000008ed82780) 
thrown [s\src\hotspot\share\interpreter\linkResolver.cpp, line 771]
Event: 6.827 Thread 0x000002731248a6a0 Exception <a 'java/lang/NoSuchMethodError'{0x000000008ed8b880}: 'int java.lang.invoke.Invokers$Holder.invoke_MT(java.lang.Object, java.lang.Object, java.lang.Object, java.lang.Object)'> (0x000000008ed8b880) 
thrown [s\src\hotspot\share\interpreter\linkResolver.cpp, line 771]
Event: 6.829 Thread 0x000002731248a6a0 Exception <a 'java/lang/NoSuchMethodError'{0x000000008ed9c8c8}: 'int java.lang.invoke.DelegatingMethodHandle$Holder.reinvoke_L(java.lang.Object, java.lang.Object, java.lang.Object, long, int)'> (0x000000008ed9c8c8) 
thrown [s\src\hotspot\share\interpreter\linkResolver.cpp, line 771]
Event: 6.831 Thread 0x000002731248a6a0 Exception <a 'java/lang/NoSuchMethodError'{0x000000008edafd68}: 'java.lang.Object java.lang.invoke.Invokers$Holder.invokeExact_MT(java.lang.Object, java.lang.Object, long, java.lang.Object)'> (0x000000008edafd68) 
thrown [s\src\hotspot\share\interpreter\linkResolver.cpp, line 771]

VM Operations (20 events):
Event: 6.314 Executing VM operation: G1Concurrent
Event: 6.319 Executing VM operation: G1Concurrent done
Event: 6.325 Executing VM operation: G1Concurrent
Event: 6.326 Executing VM operation: G1Concurrent done
Event: 6.664 Executing VM operation: HandshakeAllThreads
Event: 6.664 Executing VM operation: HandshakeAllThreads done
Event: 6.711 Executing VM operation: G1CollectForAllocation
Event: 6.715 Executing VM operation: G1CollectForAllocation done
Event: 6.787 Executing VM operation: HandshakeAllThreads
Event: 6.787 Executing VM operation: HandshakeAllThreads done
Event: 6.871 Executing VM operation: HandshakeAllThreads
Event: 6.871 Executing VM operation: HandshakeAllThreads done
Event: 6.913 Executing VM operation: HandshakeAllThreads
Event: 6.913 Executing VM operation: HandshakeAllThreads done
Event: 6.913 Executing VM operation: HandshakeAllThreads
Event: 6.913 Executing VM operation: HandshakeAllThreads done
Event: 6.917 Executing VM operation: HandshakeAllThreads
Event: 6.917 Executing VM operation: HandshakeAllThreads done
Event: 6.936 Executing VM operation: HandshakeAllThreads
Event: 6.936 Executing VM operation: HandshakeAllThreads done

Events (20 events):
Event: 6.936 Thread 0x000002737fae8520 flushing nmethod 0x0000027307ad0a10
Event: 6.936 Thread 0x000002737fae8520 flushing nmethod 0x0000027307b1d490
Event: 6.936 Thread 0x000002737fae8520 flushing nmethod 0x0000027307b43610
Event: 6.936 Thread 0x000002737fae8520 flushing nmethod 0x0000027307b65d10
Event: 6.936 Thread 0x000002737fae8520 flushing nmethod 0x0000027307b75210
Event: 6.936 Thread 0x000002737fae8520 flushing nmethod 0x0000027307b7ab10
Event: 6.936 Thread 0x000002737fae8520 flushing nmethod 0x0000027307b81690
Event: 6.936 Thread 0x000002737fae8520 flushing nmethod 0x0000027307b90d90
Event: 6.936 Thread 0x000002737fae8520 flushing nmethod 0x0000027307b9a010
Event: 6.936 Thread 0x000002737fae8520 flushing nmethod 0x0000027307bbd690
Event: 6.937 Thread 0x000002737fae8520 flushing nmethod 0x0000027307bd3c10
Event: 6.937 Thread 0x000002737fae8520 flushing nmethod 0x0000027307bda410
Event: 6.937 Thread 0x000002737fae8520 flushing nmethod 0x0000027307bdb890
Event: 6.937 Thread 0x000002737fae8520 flushing nmethod 0x0000027307bf7e10
Event: 6.937 Thread 0x000002737fae8520 flushing nmethod 0x0000027307c31590
Event: 6.937 Thread 0x000002737fae8520 flushing nmethod 0x0000027307c51f90
Event: 6.937 Thread 0x000002737fae8520 flushing nmethod 0x0000027307c5a290
Event: 6.937 Thread 0x000002737fae8520 flushing nmethod 0x0000027307c6ad90
Event: 6.937 Thread 0x000002737fae8520 flushing nmethod 0x0000027307c71f10
Event: 6.937 Thread 0x000002737fae8520 flushing nmethod 0x0000027307c8df10


Dynamic libraries:
0x00007ff738580000 - 0x00007ff73858a000 	C:\Program Files\Android\Android Studio\jbr\bin\java.exe
0x00007ffa4a7b0000 - 0x00007ffa4a9c7000 	C:\WINDOWS\SYSTEM32\ntdll.dll
0x00007ffa49a70000 - 0x00007ffa49b34000 	C:\WINDOWS\System32\KERNEL32.DLL
0x00007ffa47dd0000 - 0x00007ffa48177000 	C:\WINDOWS\System32\KERNELBASE.dll
0x00007ffa48390000 - 0x00007ffa484a1000 	C:\WINDOWS\System32\ucrtbase.dll
0x00007ffa19810000 - 0x00007ffa19827000 	C:\Program Files\Android\Android Studio\jbr\bin\jli.dll
0x00007ffa184f0000 - 0x00007ffa1850b000 	C:\Program Files\Android\Android Studio\jbr\bin\VCRUNTIME140.dll
0x00007ffa4a5c0000 - 0x00007ffa4a76e000 	C:\WINDOWS\System32\USER32.dll
0x00007ffa482a0000 - 0x00007ffa482c6000 	C:\WINDOWS\System32\win32u.dll
0x00007ffa37e40000 - 0x00007ffa380d3000 	C:\WINDOWS\WinSxS\amd64_microsoft.windows.common-controls_6595b64144ccf1df_6.0.22621.3527_none_270e469b73872a76\COMCTL32.dll
0x00007ffa4a370000 - 0x00007ffa4a399000 	C:\WINDOWS\System32\GDI32.dll
0x00007ffa484e0000 - 0x00007ffa48587000 	C:\WINDOWS\System32\msvcrt.dll
0x00007ffa48180000 - 0x00007ffa48299000 	C:\WINDOWS\System32\gdi32full.dll
0x00007ffa47d30000 - 0x00007ffa47dca000 	C:\WINDOWS\System32\msvcp_win.dll
0x00007ffa49a30000 - 0x00007ffa49a61000 	C:\WINDOWS\System32\IMM32.DLL
0x00007ffa2fa10000 - 0x00007ffa2fa1c000 	C:\Program Files\Android\Android Studio\jbr\bin\vcruntime140_1.dll
0x00007ffa03af0000 - 0x00007ffa03b7d000 	C:\Program Files\Android\Android Studio\jbr\bin\msvcp140.dll
0x00007ff9f8040000 - 0x00007ff9f8cae000 	C:\Program Files\Android\Android Studio\jbr\bin\server\jvm.dll
0x00007ffa49da0000 - 0x00007ffa49e52000 	C:\WINDOWS\System32\ADVAPI32.dll
0x00007ffa48fc0000 - 0x00007ffa49068000 	C:\WINDOWS\System32\sechost.dll
0x00007ffa484b0000 - 0x00007ffa484d8000 	C:\WINDOWS\System32\bcrypt.dll
0x00007ffa4a3a0000 - 0x00007ffa4a4b5000 	C:\WINDOWS\System32\RPCRT4.dll
0x00007ffa1f520000 - 0x00007ffa1f529000 	C:\WINDOWS\SYSTEM32\WSOCK32.dll
0x00007ffa3f400000 - 0x00007ffa3f434000 	C:\WINDOWS\SYSTEM32\WINMM.dll
0x00007ffa4a020000 - 0x00007ffa4a091000 	C:\WINDOWS\System32\WS2_32.dll
0x00007ffa2ddc0000 - 0x00007ffa2ddca000 	C:\WINDOWS\SYSTEM32\VERSION.dll
0x00007ffa46a60000 - 0x00007ffa46a78000 	C:\WINDOWS\SYSTEM32\kernel.appcore.dll
0x00007ffa400d0000 - 0x00007ffa400da000 	C:\Program Files\Android\Android Studio\jbr\bin\jimage.dll
0x00007ffa452c0000 - 0x00007ffa454f2000 	C:\WINDOWS\SYSTEM32\DBGHELP.DLL
0x00007ffa496a0000 - 0x00007ffa49a28000 	C:\WINDOWS\System32\combase.dll
0x00007ffa49c40000 - 0x00007ffa49d17000 	C:\WINDOWS\System32\OLEAUT32.dll
0x00007ffa196b0000 - 0x00007ffa196e2000 	C:\WINDOWS\SYSTEM32\dbgcore.DLL
0x00007ffa47cb0000 - 0x00007ffa47d29000 	C:\WINDOWS\System32\bcryptPrimitives.dll
0x00007ffa19130000 - 0x00007ffa19155000 	C:\Program Files\Android\Android Studio\jbr\bin\java.dll
0x00007ffa3f5f0000 - 0x00007ffa3f608000 	C:\Program Files\Android\Android Studio\jbr\bin\zip.dll
0x00007ffa48650000 - 0x00007ffa48eac000 	C:\WINDOWS\System32\SHELL32.dll
0x00007ffa459c0000 - 0x00007ffa462b6000 	C:\WINDOWS\SYSTEM32\windows.storage.dll
0x00007ffa45880000 - 0x00007ffa459be000 	C:\WINDOWS\SYSTEM32\wintypes.dll
0x00007ffa4a4c0000 - 0x00007ffa4a5b5000 	C:\WINDOWS\System32\SHCORE.dll
0x00007ffa48ed0000 - 0x00007ffa48f2e000 	C:\WINDOWS\System32\shlwapi.dll
0x00007ffa47a00000 - 0x00007ffa47a21000 	C:\WINDOWS\SYSTEM32\profapi.dll
0x00007ffa1b190000 - 0x00007ffa1b1a9000 	C:\Program Files\Android\Android Studio\jbr\bin\net.dll
0x00007ffa41db0000 - 0x00007ffa41ee6000 	C:\WINDOWS\SYSTEM32\WINHTTP.dll
0x00007ffa46f30000 - 0x00007ffa46f99000 	C:\WINDOWS\system32\mswsock.dll
0x00007ffa1ac00000 - 0x00007ffa1ac16000 	C:\Program Files\Android\Android Studio\jbr\bin\nio.dll
0x00007ffa39df0000 - 0x00007ffa39e00000 	C:\Program Files\Android\Android Studio\jbr\bin\verify.dll
0x00007ffa12740000 - 0x00007ffa12767000 	C:\Users\Anja Bunga Aditya\.gradle\native\68d5fa5c4cc2d200863cafc0d521ce42e7d3e7ee720ec0a83991735586a16f82\windows-amd64\native-platform.dll
0x00007ffa039a0000 - 0x00007ffa03ae4000 	C:\Users\Anja Bunga Aditya\.gradle\native\e376f236ea51e6404a007f0833ffe2c6e607c4080706a723a18a27aeea778392\windows-amd64\native-platform-file-events.dll
0x00007ffa34990000 - 0x00007ffa34999000 	C:\Program Files\Android\Android Studio\jbr\bin\management.dll
0x00007ffa34470000 - 0x00007ffa3447b000 	C:\Program Files\Android\Android Studio\jbr\bin\management_ext.dll
0x00007ffa49b60000 - 0x00007ffa49b68000 	C:\WINDOWS\System32\PSAPI.DLL
0x00007ffa471a0000 - 0x00007ffa471bb000 	C:\WINDOWS\SYSTEM32\CRYPTSP.dll
0x00007ffa46a20000 - 0x00007ffa46a55000 	C:\WINDOWS\system32\rsaenh.dll
0x00007ffa47040000 - 0x00007ffa47068000 	C:\WINDOWS\SYSTEM32\USERENV.dll
0x00007ffa471c0000 - 0x00007ffa471cc000 	C:\WINDOWS\SYSTEM32\CRYPTBASE.dll
0x00007ffa46560000 - 0x00007ffa4658d000 	C:\WINDOWS\SYSTEM32\IPHLPAPI.DLL
0x00007ffa48ec0000 - 0x00007ffa48ec9000 	C:\WINDOWS\System32\NSI.dll
0x00007ffa41870000 - 0x00007ffa41889000 	C:\WINDOWS\SYSTEM32\dhcpcsvc6.DLL
0x00007ffa41850000 - 0x00007ffa4186f000 	C:\WINDOWS\SYSTEM32\dhcpcsvc.DLL
0x00007ffa46590000 - 0x00007ffa46688000 	C:\WINDOWS\SYSTEM32\DNSAPI.dll
0x00007ffa14cc0000 - 0x00007ffa14cc8000 	C:\WINDOWS\system32\wshunix.dll

dbghelp: loaded successfully - version: 4.0.5 - missing functions: none
symbol engine: initialized successfully - sym options: 0x614 - pdb path: .;C:\Program Files\Android\Android Studio\jbr\bin;C:\WINDOWS\SYSTEM32;C:\WINDOWS\WinSxS\amd64_microsoft.windows.common-controls_6595b64144ccf1df_6.0.22621.3527_none_270e469b73872a76;C:\Program Files\Android\Android Studio\jbr\bin\server;C:\Users\Anja Bunga Aditya\.gradle\native\68d5fa5c4cc2d200863cafc0d521ce42e7d3e7ee720ec0a83991735586a16f82\windows-amd64;C:\Users\Anja Bunga Aditya\.gradle\native\e376f236ea51e6404a007f0833ffe2c6e607c4080706a723a18a27aeea778392\windows-amd64

VM Arguments:
jvm_args: --add-opens=java.base/java.util=ALL-UNNAMED --add-opens=java.base/java.lang=ALL-UNNAMED --add-opens=java.base/java.lang.invoke=ALL-UNNAMED --add-opens=java.prefs/java.util.prefs=ALL-UNNAMED --add-opens=java.base/java.nio.charset=ALL-UNNAMED --add-opens=java.base/java.net=ALL-UNNAMED --add-opens=java.base/java.util.concurrent.atomic=ALL-UNNAMED -Xmx2048m -Dfile.encoding=UTF-8 -Duser.country=ID -Duser.language=en -Duser.variant 
java_command: org.gradle.launcher.daemon.bootstrap.GradleDaemon 8.0
java_class_path (initial): C:\Users\Anja Bunga Aditya\.gradle\wrapper\dists\gradle-8.0-bin\ca5e32bp14vu59qr306oxotwh\gradle-8.0\lib\gradle-launcher-8.0.jar
Launcher Type: SUN_STANDARD

[Global flags]
     intx CICompilerCount                          = 4                                         {product} {ergonomic}
     uint ConcGCThreads                            = 3                                         {product} {ergonomic}
     uint G1ConcRefinementThreads                  = 10                                        {product} {ergonomic}
   size_t G1HeapRegionSize                         = 1048576                                   {product} {ergonomic}
    uintx GCDrainStackTargetSize                   = 64                                        {product} {ergonomic}
   size_t InitialHeapSize                          = 264241152                                 {product} {ergonomic}
   size_t MarkStackSize                            = 4194304                                   {product} {ergonomic}
   size_t MaxHeapSize                              = 2147483648                                {product} {command line}
   size_t MaxNewSize                               = 1287651328                                {product} {ergonomic}
   size_t MinHeapDeltaBytes                        = 1048576                                   {product} {ergonomic}
   size_t MinHeapSize                              = 8388608                                   {product} {ergonomic}
    uintx NonNMethodCodeHeapSize                   = 5839372                                {pd product} {ergonomic}
    uintx NonProfiledCodeHeapSize                  = 122909434                              {pd product} {ergonomic}
    uintx ProfiledCodeHeapSize                     = 122909434                              {pd product} {ergonomic}
    uintx ReservedCodeCacheSize                    = 251658240                              {pd product} {ergonomic}
     bool SegmentedCodeCache                       = true                                      {product} {ergonomic}
   size_t SoftMaxHeapSize                          = 2147483648                             {manageable} {ergonomic}
     bool UseCompressedClassPointers               = true                           {product lp64_product} {ergonomic}
     bool UseCompressedOops                        = true                           {product lp64_product} {ergonomic}
     bool UseG1GC                                  = true                                      {product} {ergonomic}
     bool UseLargePagesIndividualAllocation        = false                                  {pd product} {ergonomic}

Logging:
Log output configuration:
 #0: stdout all=warning uptime,level,tags
 #1: stderr all=off uptime,level,tags

Environment Variables:
JAVA_HOME=C:\Program Files\Amazon Corretto\jdk11.0.23_9
PATH=C:\WINDOWS\system32;C:\WINDOWS;C:\WINDOWS\System32\Wbem;C:\WINDOWS\System32\WindowsPowerShell\v1.0\;C:\WINDOWS\System32\OpenSSH\;C:\gradle\gradle-8.4\bin;C:\Users\Anja Bunga Aditya\Graphviz\bin;C:\xampp2\php;C:\ProgramData\ComposerSetup\bin;C:\Program Files\nodejs\;C:\Program Files\Docker\Docker\resources\bin;C:\Program Files\apache-maven-3.9.6\bin;C:\Program Files\Git\cmd;C:\Program Files\PostgreSQL\16\bin;C:\Program Files\Amazon Corretto\jdk-17.0.11+9\bin;C:\Users\Anja Bunga Aditya\AppData\Local\Microsoft\WindowsApps;D:\Microsoft VS Code\bin;C:\MinGW\bin;C:\gradle-8.4-all;C:\Users\Anja Bunga Aditya\AppData\Roaming\Composer\vendor\bin;C:\Users\Anja Bunga Aditya\AppData\Roaming\npm
USERNAME=Anja Bunga Aditya
OS=Windows_NT
PROCESSOR_IDENTIFIER=Intel64 Family 6 Model 154 Stepping 4, GenuineIntel
TMP=C:\Users\ANJABU~1\AppData\Local\Temp
TEMP=C:\Users\ANJABU~1\AppData\Local\Temp


JNI global refs:
JNI global refs: 24, weak refs: 0

JNI global refs memory usage: 843, weak refs: 841


---------------  S Y S T E M  ---------------

OS:
 Windows 11 , 64 bit Build 22621 (10.0.22621.3527)
OS uptime: 1 days 21:24 hours
Hyper-V role detected

CPU: total 12 (initial active 12) (6 cores per cpu, 2 threads per core) family 6 model 154 stepping 4 microcode 0x41f, cx8, cmov, fxsr, ht, mmx, 3dnowpref, sse, sse2, sse3, ssse3, sse4.1, sse4.2, popcnt, lzcnt, tsc, tscinvbit, avx, avx2, aes, erms, clmul, bmi1, bmi2, adx, sha, fma, vzeroupper, clflush, clflushopt, clwb, hv

Memory: 4k page, system-wide physical 16108M (1922M free)
TotalPageFile size 23023M (AvailPageFile size 8M)
current process WorkingSet (physical memory assigned to process): 297M, peak: 297M
current process commit charge ("private bytes"): 459M, peak: 461M

vm_info: OpenJDK 64-Bit Server VM (17.0.6+0-b2043.56-10027231) for windows-amd64 JRE (17.0.6+0-b2043.56-10027231), built on Apr 28 2023 00:43:19 by "androidbuild" with MS VC++ 16.10 / 16.11 (VS2019)

END.
